RUN	computerdatabase.BasicSimulation	basicsimulation	1660044756324	kkhuh	3.8.2
USER	Scenario Name	START	1660044757723
REQUEST		request_1	1660044757720	1660044758273	OK	 
REQUEST		request_2	1660044759294	1660044759524	OK	 
REQUEST		request_3	1660044760539	1660044760717	OK	 
REQUEST		request_4	1660044761733	1660044761958	OK	 
REQUEST		request_5	1660044762961	1660044763122	KO	status.find.in([200, 209], 304), found 400
REQUEST		request_6	1660044764126	1660044764287	KO	status.find.in([200, 209], 304), found 400
REQUEST		request_7	1660044765304	1660044765477	KO	status.find.in([200, 209], 304), found 409
REQUEST		request_8	1660044766485	1660044766673	OK	 
REQUEST		request_9	1660044767684	1660044767865	OK	 
USER	Scenario Name	END	1660044767867
USER	Scenario Name	START	1660044769689
REQUEST		request_1	1660044769688	1660044770213	OK	 
REQUEST		request_2	1660044771220	1660044771395	OK	 
REQUEST		request_3	1660044772397	1660044772573	OK	 
REQUEST		request_4	1660044773578	1660044773747	OK	 
REQUEST		request_5	1660044774758	1660044774926	KO	status.find.in([200, 209], 304), found 400
REQUEST		request_6	1660044775941	1660044776106	KO	status.find.in([200, 209], 304), found 400
REQUEST		request_7	1660044777108	1660044777282	OK	 
REQUEST		request_8	1660044778292	1660044778504	OK	 
REQUEST		request_9	1660044779520	1660044779705	OK	 
USER	Scenario Name	END	1660044779706
USER	Scenario Name	START	1660044781697
REQUEST		request_1	1660044781696	1660044782186	OK	 
REQUEST		request_2	1660044783190	1660044783348	OK	 
REQUEST		request_3	1660044784361	1660044784529	OK	 
REQUEST		request_4	1660044785543	1660044785705	OK	 
REQUEST		request_5	1660044786711	1660044786864	KO	status.find.in([200, 209], 304), found 400
REQUEST		request_6	1660044787874	1660044788026	KO	status.find.in([200, 209], 304), found 400
REQUEST		request_7	1660044789039	1660044789201	OK	 
REQUEST		request_8	1660044790203	1660044790380	OK	 
REQUEST		request_9	1660044791389	1660044791560	OK	 
USER	Scenario Name	END	1660044791560
USER	Scenario Name	START	1660044793700
REQUEST		request_1	1660044793698	1660044794218	OK	 
REQUEST		request_2	1660044795221	1660044795383	OK	 
REQUEST		request_3	1660044796388	1660044796549	OK	 
REQUEST		request_4	1660044797557	1660044797712	OK	 
REQUEST		request_5	1660044798725	1660044798880	KO	status.find.in([200, 209], 304), found 400
REQUEST		request_6	1660044799883	1660044800040	KO	status.find.in([200, 209], 304), found 400
REQUEST		request_7	1660044801047	1660044801246	OK	 
REQUEST		request_8	1660044802262	1660044802435	OK	 
REQUEST		request_9	1660044803441	1660044803625	OK	 
USER	Scenario Name	END	1660044803625
USER	Scenario Name	START	1660044805700
REQUEST		request_1	1660044805699	1660044806197	OK	 
REQUEST		request_2	1660044807209	1660044807365	OK	 
REQUEST		request_3	1660044808377	1660044808539	OK	 
REQUEST		request_4	1660044809548	1660044809713	OK	 
REQUEST		request_5	1660044810725	1660044810880	KO	status.find.in([200, 209], 304), found 400
REQUEST		request_6	1660044811894	1660044812080	KO	status.find.in([200, 209], 304), found 400
REQUEST		request_7	1660044813096	1660044813266	OK	 
REQUEST		request_8	1660044814276	1660044814452	OK	 
REQUEST		request_9	1660044815460	1660044815628	OK	 
USER	Scenario Name	END	1660044815629
USER	Scenario Name	START	1660044817688
REQUEST		request_1	1660044817687	1660044818180	OK	 
REQUEST		request_2	1660044819197	1660044819367	OK	 
REQUEST		request_3	1660044820378	1660044820539	OK	 
REQUEST		request_4	1660044821550	1660044821710	OK	 
REQUEST		request_5	1660044822726	1660044823338	KO	status.find.in([200, 209], 304), found 400
REQUEST		request_6	1660044824345	1660044824513	KO	status.find.in([200, 209], 304), found 400
REQUEST		request_7	1660044825515	1660044825682	OK	 
REQUEST		request_8	1660044826698	1660044826880	OK	 
REQUEST		request_9	1660044827894	1660044828118	OK	 
USER	Scenario Name	END	1660044828119
USER	Scenario Name	START	1660044829690
REQUEST		request_1	1660044829689	1660044830246	OK	 
REQUEST		request_2	1660044831259	1660044831418	OK	 
REQUEST		request_3	1660044832426	1660044832585	OK	 
REQUEST		request_4	1660044833592	1660044833752	OK	 
REQUEST		request_5	1660044834758	1660044834917	KO	status.find.in([200, 209], 304), found 400
REQUEST		request_6	1660044835926	1660044836088	KO	status.find.in([200, 209], 304), found 400
REQUEST		request_7	1660044837091	1660044837254	OK	 
REQUEST		request_8	1660044838269	1660044838451	OK	 
REQUEST		request_9	1660044839462	1660044839633	OK	 
USER	Scenario Name	END	1660044839634
USER	Scenario Name	START	1660044841694
REQUEST		request_1	1660044841693	1660044842180	OK	 
REQUEST		request_2	1660044843190	1660044843354	OK	 
REQUEST		request_3	1660044844369	1660044844530	OK	 
REQUEST		request_4	1660044845543	1660044845703	OK	 
REQUEST		request_5	1660044846708	1660044846880	KO	status.find.in([200, 209], 304), found 400
REQUEST		request_6	1660044847888	1660044848048	KO	status.find.in([200, 209], 304), found 400
REQUEST		request_7	1660044849051	1660044849217	OK	 
REQUEST		request_8	1660044850234	1660044850412	OK	 
REQUEST		request_9	1660044851415	1660044851604	OK	 
USER	Scenario Name	END	1660044851605
USER	Scenario Name	START	1660044853704
REQUEST		request_1	1660044853703	1660044854204	OK	 
REQUEST		request_2	1660044855216	1660044855371	OK	 
REQUEST		request_3	1660044856380	1660044856534	OK	 
REQUEST		request_4	1660044857549	1660044857712	OK	 
REQUEST		request_5	1660044858715	1660044858870	KO	status.find.in([200, 209], 304), found 400
REQUEST		request_6	1660044859883	1660044860039	KO	status.find.in([200, 209], 304), found 400
REQUEST		request_7	1660044861051	1660044861214	OK	 
REQUEST		request_8	1660044862220	1660044862395	OK	 
REQUEST		request_9	1660044863406	1660044863581	OK	 
USER	Scenario Name	END	1660044863583
USER	Scenario Name	START	1660044865699
REQUEST		request_1	1660044865698	1660044866186	OK	 
REQUEST		request_2	1660044867194	1660044867365	OK	 
REQUEST		request_3	1660044868376	1660044868554	OK	 
REQUEST		request_4	1660044869565	1660044869739	OK	 
REQUEST		request_5	1660044870740	1660044870899	KO	status.find.in([200, 209], 304), found 400
REQUEST		request_6	1660044871907	1660044872071	KO	status.find.in([200, 209], 304), found 400
REQUEST		request_7	1660044873074	1660044873271	OK	 
REQUEST		request_8	1660044874287	1660044874492	OK	 
REQUEST		request_9	1660044875507	1660044875689	OK	 
USER	Scenario Name	END	1660044875690
USER	Scenario Name	START	1660044877700
REQUEST		request_1	1660044877699	1660044878213	OK	 
REQUEST		request_2	1660044879224	1660044879385	OK	 
REQUEST		request_3	1660044880394	1660044880584	OK	 
REQUEST		request_4	1660044881594	1660044881753	OK	 
REQUEST		request_5	1660044882761	1660044882918	KO	status.find.in([200, 209], 304), found 400
REQUEST		request_6	1660044883931	1660044884087	KO	status.find.in([200, 209], 304), found 400
REQUEST		request_7	1660044885099	1660044885263	OK	 
REQUEST		request_8	1660044886279	1660044886455	OK	 
REQUEST		request_9	1660044887462	1660044887641	OK	 
USER	Scenario Name	END	1660044887642
USER	Scenario Name	START	1660044889694
REQUEST		request_1	1660044889693	1660044890165	OK	 
REQUEST		request_2	1660044891174	1660044891329	OK	 
REQUEST		request_3	1660044892330	1660044892490	OK	 
REQUEST		request_4	1660044893494	1660044893648	OK	 
REQUEST		request_5	1660044894659	1660044894809	KO	status.find.in([200, 209], 304), found 400
REQUEST		request_6	1660044895825	1660044895977	KO	status.find.in([200, 209], 304), found 400
REQUEST		request_7	1660044896979	1660044897139	OK	 
REQUEST		request_8	1660044898148	1660044898360	OK	 
REQUEST		request_9	1660044899365	1660044899532	OK	 
USER	Scenario Name	END	1660044899533
USER	Scenario Name	START	1660044901690
REQUEST		request_1	1660044901689	1660044904064	OK	 
REQUEST		request_2	1660044905080	1660044906069	OK	 
REQUEST		request_3	1660044907084	1660044907252	OK	 
REQUEST		request_4	1660044908268	1660044908434	OK	 
REQUEST		request_5	1660044909449	1660044909612	KO	status.find.in([200, 209], 304), found 400
REQUEST		request_6	1660044910624	1660044910788	KO	status.find.in([200, 209], 304), found 400
REQUEST		request_7	1660044911801	1660044911977	OK	 
REQUEST		request_8	1660044912981	1660044913168	OK	 
USER	Scenario Name	START	1660044913694
REQUEST		request_1	1660044913693	1660044914217	OK	 
REQUEST		request_9	1660044914178	1660044914358	OK	 
USER	Scenario Name	END	1660044914359
REQUEST		request_2	1660044915222	1660044915390	OK	 
REQUEST		request_3	1660044916401	1660044916562	OK	 
REQUEST		request_4	1660044917567	1660044917728	OK	 
REQUEST		request_5	1660044918738	1660044918897	KO	status.find.in([200, 209], 304), found 400
REQUEST		request_6	1660044919911	1660044920069	KO	status.find.in([200, 209], 304), found 400
REQUEST		request_7	1660044921080	1660044921245	OK	 
REQUEST		request_8	1660044922250	1660044922432	OK	 
REQUEST		request_9	1660044923446	1660044923658	OK	 
USER	Scenario Name	END	1660044923658
USER	Scenario Name	START	1660044925691
REQUEST		request_1	1660044925690	1660044926179	OK	 
REQUEST		request_2	1660044927194	1660044927354	OK	 
REQUEST		request_3	1660044928359	1660044928519	OK	 
REQUEST		request_4	1660044929532	1660044929694	OK	 
REQUEST		request_5	1660044930704	1660044930894	KO	status.find.in([200, 209], 304), found 400
REQUEST		request_6	1660044931900	1660044932056	KO	status.find.in([200, 209], 304), found 400
REQUEST		request_7	1660044933068	1660044933236	OK	 
REQUEST		request_8	1660044934241	1660044934419	OK	 
REQUEST		request_9	1660044935427	1660044935606	OK	 
USER	Scenario Name	END	1660044935606
USER	Scenario Name	START	1660044937699
REQUEST		request_1	1660044937698	1660044938182	OK	 
REQUEST		request_2	1660044939186	1660044939346	OK	 
REQUEST		request_3	1660044940361	1660044940521	OK	 
REQUEST		request_4	1660044941529	1660044941693	OK	 
REQUEST		request_5	1660044942707	1660044942862	KO	status.find.in([200, 209], 304), found 400
REQUEST		request_6	1660044943878	1660044944034	KO	status.find.in([200, 209], 304), found 400
REQUEST		request_7	1660044945043	1660044945212	OK	 
REQUEST		request_8	1660044946228	1660044946403	OK	 
REQUEST		request_9	1660044947413	1660044947634	OK	 
USER	Scenario Name	END	1660044947635
USER	Scenario Name	START	1660044949707
REQUEST		request_1	1660044949706	1660044950218	OK	 
REQUEST		request_2	1660044951229	1660044951397	OK	 
REQUEST		request_3	1660044952409	1660044952576	OK	 
REQUEST		request_4	1660044953589	1660044953757	OK	 
REQUEST		request_5	1660044954767	1660044954931	KO	status.find.in([200, 209], 304), found 400
REQUEST		request_6	1660044955939	1660044956103	KO	status.find.in([200, 209], 304), found 400
REQUEST		request_7	1660044957105	1660044957278	OK	 
REQUEST		request_8	1660044958290	1660044958476	OK	 
REQUEST		request_9	1660044959480	1660044959670	OK	 
USER	Scenario Name	END	1660044959671
USER	Scenario Name	START	1660044961695
REQUEST		request_1	1660044961695	1660044962193	OK	 
REQUEST		request_2	1660044963208	1660044963374	OK	 
REQUEST		request_3	1660044964389	1660044964558	OK	 
REQUEST		request_4	1660044965561	1660044965726	OK	 
REQUEST		request_5	1660044966727	1660044966891	KO	status.find.in([200, 209], 304), found 400
REQUEST		request_6	1660044967896	1660044968080	KO	status.find.in([200, 209], 304), found 400
REQUEST		request_7	1660044969088	1660044969266	OK	 
REQUEST		request_8	1660044970275	1660044970478	OK	 
REQUEST		request_9	1660044971490	1660044971668	OK	 
USER	Scenario Name	END	1660044971669
USER	Scenario Name	START	1660044973710
REQUEST		request_1	1660044973709	1660044974212	OK	 
REQUEST		request_2	1660044975221	1660044975392	OK	 
REQUEST		request_3	1660044976406	1660044976575	OK	 
REQUEST		request_4	1660044977584	1660044977753	OK	 
REQUEST		request_5	1660044978766	1660044978937	KO	status.find.in([200, 209], 304), found 400
REQUEST		request_6	1660044979948	1660044980113	KO	status.find.in([200, 209], 304), found 400
REQUEST		request_7	1660044981115	1660044981705	OK	 
REQUEST		request_8	1660044982722	1660044982911	OK	 
REQUEST		request_9	1660044983916	1660044984100	OK	 
USER	Scenario Name	END	1660044984100
USER	Scenario Name	START	1660044985691
REQUEST		request_1	1660044985690	1660044986183	OK	 
REQUEST		request_2	1660044987197	1660044987350	OK	 
REQUEST		request_3	1660044988350	1660044988508	OK	 
REQUEST		request_4	1660044989512	1660044989669	OK	 
REQUEST		request_5	1660044990675	1660044990830	KO	status.find.in([200, 209], 304), found 400
REQUEST		request_6	1660044991839	1660044991991	KO	status.find.in([200, 209], 304), found 400
REQUEST		request_7	1660044992993	1660044993154	OK	 
REQUEST		request_8	1660044994168	1660044994344	OK	 
REQUEST		request_9	1660044995356	1660044995531	OK	 
USER	Scenario Name	END	1660044995532
USER	Scenario Name	START	1660044997690
REQUEST		request_1	1660044997689	1660044998186	OK	 
REQUEST		request_2	1660044999187	1660044999351	OK	 
REQUEST		request_3	1660045000358	1660045000521	OK	 
REQUEST		request_4	1660045001524	1660045001684	OK	 
REQUEST		request_5	1660045002694	1660045002853	KO	status.find.in([200, 209], 304), found 400
REQUEST		request_6	1660045003864	1660045004032	KO	status.find.in([200, 209], 304), found 400
REQUEST		request_7	1660045005041	1660045005208	OK	 
REQUEST		request_8	1660045006222	1660045006404	OK	 
REQUEST		request_9	1660045007407	1660045007578	OK	 
USER	Scenario Name	END	1660045007580
USER	Scenario Name	START	1660045009692
REQUEST		request_1	1660045009690	1660045010174	OK	 
REQUEST		request_2	1660045011186	1660045011346	OK	 
REQUEST		request_3	1660045012353	1660045012511	OK	 
REQUEST		request_4	1660045013525	1660045013688	OK	 
REQUEST		request_5	1660045014696	1660045014856	KO	status.find.in([200, 209], 304), found 400
REQUEST		request_6	1660045015863	1660045016018	KO	status.find.in([200, 209], 304), found 400
REQUEST		request_7	1660045017028	1660045017197	OK	 
REQUEST		request_8	1660045018210	1660045018385	OK	 
REQUEST		request_9	1660045019388	1660045019561	OK	 
USER	Scenario Name	END	1660045019562
USER	Scenario Name	START	1660045021695
REQUEST		request_1	1660045021695	1660045022187	OK	 
REQUEST		request_2	1660045023195	1660045023359	OK	 
REQUEST		request_3	1660045024372	1660045024529	OK	 
REQUEST		request_4	1660045025542	1660045025702	OK	 
REQUEST		request_5	1660045026707	1660045026889	KO	status.find.in([200, 209], 304), found 400
REQUEST		request_6	1660045027901	1660045028058	KO	status.find.in([200, 209], 304), found 400
REQUEST		request_7	1660045029071	1660045029279	OK	 
REQUEST		request_8	1660045030286	1660045030467	OK	 
REQUEST		request_9	1660045031470	1660045031642	OK	 
USER	Scenario Name	END	1660045031643
USER	Scenario Name	START	1660045033707
REQUEST		request_1	1660045033706	1660045034205	OK	 
REQUEST		request_2	1660045035218	1660045035379	OK	 
REQUEST		request_3	1660045036385	1660045036544	OK	 
REQUEST		request_4	1660045037551	1660045037708	OK	 
REQUEST		request_5	1660045038713	1660045038873	KO	status.find.in([200, 209], 304), found 400
REQUEST		request_6	1660045039884	1660045040044	KO	status.find.in([200, 209], 304), found 400
REQUEST		request_7	1660045041058	1660045041215	OK	 
REQUEST		request_8	1660045042218	1660045042392	OK	 
REQUEST		request_9	1660045043403	1660045043570	OK	 
USER	Scenario Name	END	1660045043571
USER	Scenario Name	START	1660045045697
REQUEST		request_1	1660045045695	1660045046206	OK	 
REQUEST		request_2	1660045047215	1660045047378	OK	 
REQUEST		request_3	1660045048387	1660045048547	OK	 
REQUEST		request_4	1660045049551	1660045049713	OK	 
REQUEST		request_5	1660045050725	1660045050880	KO	status.find.in([200, 209], 304), found 400
REQUEST		request_6	1660045051890	1660045052046	KO	status.find.in([200, 209], 304), found 400
REQUEST		request_7	1660045053053	1660045053215	OK	 
REQUEST		request_8	1660045054226	1660045054408	OK	 
REQUEST		request_9	1660045055419	1660045055590	OK	 
USER	Scenario Name	END	1660045055591
USER	Scenario Name	START	1660045057701
REQUEST		request_1	1660045057701	1660045058226	OK	 
REQUEST		request_2	1660045059236	1660045059429	OK	 
REQUEST		request_3	1660045060437	1660045060596	OK	 
REQUEST		request_4	1660045061603	1660045061807	OK	 
REQUEST		request_5	1660045062818	1660045062971	KO	status.find.in([200, 209], 304), found 400
REQUEST		request_6	1660045063984	1660045064142	KO	status.find.in([200, 209], 304), found 400
REQUEST		request_7	1660045065154	1660045065349	OK	 
REQUEST		request_8	1660045066351	1660045066575	OK	 
REQUEST		request_9	1660045067583	1660045067750	OK	 
USER	Scenario Name	END	1660045067751
USER	Scenario Name	START	1660045069689
REQUEST		request_1	1660045069688	1660045070166	OK	 
REQUEST		request_2	1660045071180	1660045071340	OK	 
REQUEST		request_3	1660045072351	1660045072510	OK	 
REQUEST		request_4	1660045073517	1660045073676	OK	 
REQUEST		request_5	1660045074686	1660045074843	KO	status.find.in([200, 209], 304), found 400
REQUEST		request_6	1660045075850	1660045076004	KO	status.find.in([200, 209], 304), found 400
REQUEST		request_7	1660045077011	1660045077173	OK	 
REQUEST		request_8	1660045078189	1660045078376	OK	 
REQUEST		request_9	1660045079387	1660045079565	OK	 
USER	Scenario Name	END	1660045079566
USER	Scenario Name	START	1660045081694
REQUEST		request_1	1660045081692	1660045082173	OK	 
REQUEST		request_2	1660045083182	1660045083340	OK	 
REQUEST		request_3	1660045084350	1660045084508	OK	 
REQUEST		request_4	1660045085521	1660045085680	OK	 
REQUEST		request_5	1660045086691	1660045086846	KO	status.find.in([200, 209], 304), found 400
REQUEST		request_6	1660045087861	1660045088016	KO	status.find.in([200, 209], 304), found 400
REQUEST		request_7	1660045089029	1660045089211	OK	 
REQUEST		request_8	1660045090213	1660045090388	OK	 
REQUEST		request_9	1660045091393	1660045091972	OK	 
USER	Scenario Name	END	1660045091973
USER	Scenario Name	START	1660045093696
REQUEST		request_1	1660045093695	1660045094193	OK	 
REQUEST		request_2	1660045095202	1660045095376	OK	 
REQUEST		request_3	1660045096384	1660045096551	OK	 
REQUEST		request_4	1660045097565	1660045097733	OK	 
REQUEST		request_5	1660045098743	1660045098921	KO	status.find.in([200, 209], 304), found 400
REQUEST		request_6	1660045099926	1660045100089	KO	status.find.in([200, 209], 304), found 400
REQUEST		request_7	1660045101098	1660045101269	OK	 
REQUEST		request_8	1660045102283	1660045102469	OK	 
REQUEST		request_9	1660045103483	1660045103661	OK	 
USER	Scenario Name	END	1660045103662
USER	Scenario Name	START	1660045105694
REQUEST		request_1	1660045105693	1660045106172	OK	 
REQUEST		request_2	1660045107179	1660045107333	OK	 
REQUEST		request_3	1660045108344	1660045108499	OK	 
REQUEST		request_4	1660045109501	1660045109658	OK	 
REQUEST		request_5	1660045110670	1660045110821	KO	status.find.in([200, 209], 304), found 400
REQUEST		request_6	1660045111837	1660045111989	KO	status.find.in([200, 209], 304), found 400
REQUEST		request_7	1660045112992	1660045113165	OK	 
REQUEST		request_8	1660045114176	1660045114353	OK	 
REQUEST		request_9	1660045115360	1660045115539	OK	 
USER	Scenario Name	END	1660045115540
USER	Scenario Name	START	1660045117707
REQUEST		request_1	1660045117704	1660045118176	OK	 
REQUEST		request_2	1660045119179	1660045119338	OK	 
REQUEST		request_3	1660045120352	1660045120507	OK	 
REQUEST		request_4	1660045121513	1660045121673	OK	 
REQUEST		request_5	1660045122675	1660045122885	KO	status.find.in([200, 209], 304), found 400
REQUEST		request_6	1660045123896	1660045124049	KO	status.find.in([200, 209], 304), found 400
REQUEST		request_7	1660045125062	1660045125224	OK	 
REQUEST		request_8	1660045126226	1660045126469	OK	 
REQUEST		request_9	1660045127472	1660045127641	OK	 
USER	Scenario Name	END	1660045127641
USER	Scenario Name	START	1660045129694
REQUEST		request_1	1660045129693	1660045130213	OK	 
REQUEST		request_2	1660045131219	1660045131389	OK	 
REQUEST		request_3	1660045132403	1660045132562	OK	 
REQUEST		request_4	1660045133574	1660045133750	OK	 
REQUEST		request_5	1660045134762	1660045134932	KO	status.find.in([200, 209], 304), found 400
REQUEST		request_6	1660045135946	1660045136103	KO	status.find.in([200, 209], 304), found 400
REQUEST		request_7	1660045137108	1660045137292	OK	 
REQUEST		request_8	1660045138306	1660045138486	OK	 
REQUEST		request_9	1660045139499	1660045139693	OK	 
USER	Scenario Name	END	1660045139694
USER	Scenario Name	START	1660045141695
REQUEST		request_1	1660045141695	1660045142188	OK	 
REQUEST		request_2	1660045143191	1660045143349	OK	 
REQUEST		request_3	1660045144357	1660045144517	OK	 
REQUEST		request_4	1660045145523	1660045145683	OK	 
REQUEST		request_5	1660045146689	1660045146852	KO	status.find.in([200, 209], 304), found 400
REQUEST		request_6	1660045147859	1660045148024	KO	status.find.in([200, 209], 304), found 400
REQUEST		request_7	1660045149027	1660045149219	OK	 
REQUEST		request_8	1660045150228	1660045150411	OK	 
REQUEST		request_9	1660045151423	1660045151695	OK	 
USER	Scenario Name	END	1660045151696
USER	Scenario Name	START	1660045153696
REQUEST		request_1	1660045153695	1660045154166	OK	 
REQUEST		request_2	1660045155167	1660045155318	KO	status.find.in([200, 209], 304), found 401
REQUEST		request_3	1660045156334	1660045156487	KO	status.find.in([200, 209], 304), found 401
REQUEST		request_4	1660045157496	1660045157651	KO	status.find.in([200, 209], 304), found 401
REQUEST		request_5	1660045158660	1660045158820	KO	status.find.in([200, 209], 304), found 401
REQUEST		request_6	1660045159830	1660045159986	KO	status.find.in([200, 209], 304), found 401
REQUEST		request_7	1660045160997	1660045161148	KO	status.find.in([200, 209], 304), found 401
REQUEST		request_8	1660045162164	1660045162366	KO	status.find.in([200, 209], 304), found 401
REQUEST		request_9	1660045163378	1660045163532	KO	status.find.in([200, 209], 304), found 401
USER	Scenario Name	END	1660045163533
USER	Scenario Name	START	1660045165695
REQUEST		request_1	1660045165694	1660045166540	KO	status.find.in([200, 209], 304), found 401
REQUEST		request_2	1660045167551	1660045167711	KO	status.find.in([200, 209], 304), found 401
REQUEST		request_3	1660045168717	1660045168908	KO	status.find.in([200, 209], 304), found 401
REQUEST		request_4	1660045169915	1660045170107	KO	status.find.in([200, 209], 304), found 401
REQUEST		request_5	1660045171116	1660045171277	KO	status.find.in([200, 209], 304), found 401
REQUEST		request_6	1660045172281	1660045172439	KO	status.find.in([200, 209], 304), found 401
REQUEST		request_7	1660045173445	1660045173600	KO	status.find.in([200, 209], 304), found 401
REQUEST		request_8	1660045174611	1660045174772	KO	status.find.in([200, 209], 304), found 401
REQUEST		request_9	1660045175787	1660045175954	KO	status.find.in([200, 209], 304), found 401
USER	Scenario Name	END	1660045175955
USER	Scenario Name	START	1660045177700
REQUEST		request_1	1660045177699	1660045178199	KO	status.find.in([200, 209], 304), found 401
REQUEST		request_2	1660045179210	1660045179377	KO	status.find.in([200, 209], 304), found 401
REQUEST		request_3	1660045180380	1660045180615	KO	status.find.in([200, 209], 304), found 401
REQUEST		request_4	1660045181622	1660045181782	KO	status.find.in([200, 209], 304), found 401
REQUEST		request_5	1660045182785	1660045182944	KO	status.find.in([200, 209], 304), found 401
REQUEST		request_6	1660045183950	1660045184108	KO	status.find.in([200, 209], 304), found 401
REQUEST		request_7	1660045185119	1660045185346	KO	status.find.in([200, 209], 304), found 401
REQUEST		request_8	1660045186351	1660045186517	KO	status.find.in([200, 209], 304), found 401
REQUEST		request_9	1660045187521	1660045187682	KO	status.find.in([200, 209], 304), found 401
USER	Scenario Name	END	1660045187684
USER	Scenario Name	START	1660045189696
REQUEST		request_1	1660045189695	1660045190187	KO	status.find.in([200, 209], 304), found 401
REQUEST		request_2	1660045191188	1660045191348	KO	status.find.in([200, 209], 304), found 401
REQUEST		request_3	1660045192357	1660045192509	KO	status.find.in([200, 209], 304), found 401
REQUEST		request_4	1660045193511	1660045193663	KO	status.find.in([200, 209], 304), found 401
REQUEST		request_5	1660045194676	1660045194829	KO	status.find.in([200, 209], 304), found 401
REQUEST		request_6	1660045195837	1660045195990	KO	status.find.in([200, 209], 304), found 401
REQUEST		request_7	1660045196999	1660045197153	KO	status.find.in([200, 209], 304), found 401
REQUEST		request_8	1660045198167	1660045198321	KO	status.find.in([200, 209], 304), found 401
REQUEST		request_9	1660045199336	1660045199489	KO	status.find.in([200, 209], 304), found 401
USER	Scenario Name	END	1660045199490
USER	Scenario Name	START	1660045201692
REQUEST		request_1	1660045201691	1660045202238	KO	status.find.in([200, 209], 304), found 401
REQUEST		request_2	1660045203244	1660045203409	KO	status.find.in([200, 209], 304), found 401
REQUEST		request_3	1660045204411	1660045204580	KO	status.find.in([200, 209], 304), found 401
REQUEST		request_4	1660045205595	1660045205770	KO	status.find.in([200, 209], 304), found 401
REQUEST		request_5	1660045206776	1660045206937	KO	status.find.in([200, 209], 304), found 401
REQUEST		request_6	1660045207942	1660045208097	KO	status.find.in([200, 209], 304), found 401
REQUEST		request_7	1660045209111	1660045209269	KO	status.find.in([200, 209], 304), found 401
REQUEST		request_8	1660045210281	1660045210450	KO	status.find.in([200, 209], 304), found 401
REQUEST		request_9	1660045211462	1660045211622	KO	status.find.in([200, 209], 304), found 401
USER	Scenario Name	END	1660045211623
USER	Scenario Name	START	1660045213700
REQUEST		request_1	1660045213699	1660045214220	KO	status.find.in([200, 209], 304), found 401
REQUEST		request_2	1660045215226	1660045215390	KO	status.find.in([200, 209], 304), found 401
REQUEST		request_3	1660045216399	1660045216591	KO	status.find.in([200, 209], 304), found 401
REQUEST		request_4	1660045217605	1660045217823	KO	status.find.in([200, 209], 304), found 401
REQUEST		request_5	1660045218831	1660045219001	KO	status.find.in([200, 209], 304), found 401
REQUEST		request_6	1660045220016	1660045220180	KO	status.find.in([200, 209], 304), found 401
REQUEST		request_7	1660045221186	1660045221372	KO	status.find.in([200, 209], 304), found 401
REQUEST		request_8	1660045222383	1660045222546	KO	status.find.in([200, 209], 304), found 401
REQUEST		request_9	1660045223550	1660045223726	KO	status.find.in([200, 209], 304), found 401
USER	Scenario Name	END	1660045223727
USER	Scenario Name	START	1660045225703
REQUEST		request_1	1660045225702	1660045227214	KO	status.find.in([200, 209], 304), found 401
REQUEST		request_2	1660045228218	1660045228393	KO	status.find.in([200, 209], 304), found 401
REQUEST		request_3	1660045229399	1660045229564	KO	status.find.in([200, 209], 304), found 401
REQUEST		request_4	1660045230571	1660045230735	KO	status.find.in([200, 209], 304), found 401
REQUEST		request_5	1660045231737	1660045231942	KO	status.find.in([200, 209], 304), found 401
REQUEST		request_6	1660045232944	1660045233124	KO	status.find.in([200, 209], 304), found 401
REQUEST		request_7	1660045234126	1660045234286	KO	status.find.in([200, 209], 304), found 401
REQUEST		request_8	1660045235292	1660045235452	KO	status.find.in([200, 209], 304), found 401
REQUEST		request_9	1660045236461	1660045236628	KO	status.find.in([200, 209], 304), found 401
USER	Scenario Name	END	1660045236629
USER	Scenario Name	START	1660045237692
REQUEST		request_1	1660045237691	1660045238205	KO	status.find.in([200, 209], 304), found 401
REQUEST		request_2	1660045239216	1660045239371	KO	status.find.in([200, 209], 304), found 401
REQUEST		request_3	1660045240385	1660045240541	KO	status.find.in([200, 209], 304), found 401
REQUEST		request_4	1660045241545	1660045241701	KO	status.find.in([200, 209], 304), found 401
REQUEST		request_5	1660045242716	1660045242874	KO	status.find.in([200, 209], 304), found 401
REQUEST		request_6	1660045243880	1660045244043	KO	status.find.in([200, 209], 304), found 401
REQUEST		request_7	1660045245052	1660045245261	KO	status.find.in([200, 209], 304), found 401
REQUEST		request_8	1660045246268	1660045246425	KO	status.find.in([200, 209], 304), found 401
REQUEST		request_9	1660045247432	1660045247587	KO	status.find.in([200, 209], 304), found 401
USER	Scenario Name	END	1660045247588
USER	Scenario Name	START	1660045249689
REQUEST		request_1	1660045249688	1660045250161	KO	status.find.in([200, 209], 304), found 401
REQUEST		request_2	1660045251162	1660045251784	KO	status.find.in([200, 209], 304), found 401
REQUEST		request_3	1660045252786	1660045252946	KO	status.find.in([200, 209], 304), found 401
REQUEST		request_4	1660045253956	1660045254114	KO	status.find.in([200, 209], 304), found 401
REQUEST		request_5	1660045255128	1660045255285	KO	status.find.in([200, 209], 304), found 401
REQUEST		request_6	1660045256297	1660045256454	KO	status.find.in([200, 209], 304), found 401
REQUEST		request_7	1660045257466	1660045257621	KO	status.find.in([200, 209], 304), found 401
REQUEST		request_8	1660045258630	1660045258789	KO	status.find.in([200, 209], 304), found 401
REQUEST		request_9	1660045259793	1660045259955	KO	status.find.in([200, 209], 304), found 401
USER	Scenario Name	END	1660045259956
USER	Scenario Name	START	1660045261691
REQUEST		request_1	1660045261689	1660045262250	KO	status.find.in([200, 209], 304), found 401
REQUEST		request_2	1660045263258	1660045263414	KO	status.find.in([200, 209], 304), found 401
REQUEST		request_3	1660045264426	1660045264587	KO	status.find.in([200, 209], 304), found 401
REQUEST		request_4	1660045265595	1660045265751	KO	status.find.in([200, 209], 304), found 401
REQUEST		request_5	1660045266759	1660045266926	KO	status.find.in([200, 209], 304), found 401
REQUEST		request_6	1660045267939	1660045268097	KO	status.find.in([200, 209], 304), found 401
REQUEST		request_7	1660045269109	1660045269273	KO	status.find.in([200, 209], 304), found 401
REQUEST		request_8	1660045270281	1660045270438	KO	status.find.in([200, 209], 304), found 401
REQUEST		request_9	1660045271453	1660045271609	KO	status.find.in([200, 209], 304), found 401
USER	Scenario Name	END	1660045271610
USER	Scenario Name	START	1660045273697
REQUEST		request_1	1660045273697	1660045274153	KO	status.find.in([200, 209], 304), found 401
REQUEST		request_2	1660045275159	1660045275333	KO	status.find.in([200, 209], 304), found 401
REQUEST		request_3	1660045276346	1660045276506	KO	status.find.in([200, 209], 304), found 401
REQUEST		request_4	1660045277515	1660045277666	KO	status.find.in([200, 209], 304), found 401
REQUEST		request_5	1660045278680	1660045278833	KO	status.find.in([200, 209], 304), found 401
REQUEST		request_6	1660045279846	1660045279996	KO	status.find.in([200, 209], 304), found 401
REQUEST		request_7	1660045281000	1660045281160	KO	status.find.in([200, 209], 304), found 401
REQUEST		request_8	1660045282167	1660045282318	KO	status.find.in([200, 209], 304), found 401
REQUEST		request_9	1660045283335	1660045283496	KO	status.find.in([200, 209], 304), found 401
USER	Scenario Name	END	1660045283497
USER	Scenario Name	START	1660045285701
REQUEST		request_1	1660045285700	1660045286195	KO	status.find.in([200, 209], 304), found 401
REQUEST		request_2	1660045287208	1660045287371	KO	status.find.in([200, 209], 304), found 401
REQUEST		request_3	1660045288386	1660045288551	KO	status.find.in([200, 209], 304), found 401
REQUEST		request_4	1660045289567	1660045289770	KO	status.find.in([200, 209], 304), found 401
REQUEST		request_5	1660045290781	1660045290942	KO	status.find.in([200, 209], 304), found 401
REQUEST		request_6	1660045291957	1660045292119	KO	status.find.in([200, 209], 304), found 401
REQUEST		request_7	1660045293121	1660045293284	KO	status.find.in([200, 209], 304), found 401
REQUEST		request_8	1660045294300	1660045294462	KO	status.find.in([200, 209], 304), found 401
REQUEST		request_9	1660045295474	1660045295637	KO	status.find.in([200, 209], 304), found 401
USER	Scenario Name	END	1660045295638
USER	Scenario Name	START	1660045297701
REQUEST		request_1	1660045297699	1660045298176	KO	status.find.in([200, 209], 304), found 401
REQUEST		request_2	1660045299177	1660045299333	KO	status.find.in([200, 209], 304), found 401
REQUEST		request_3	1660045300335	1660045300490	KO	status.find.in([200, 209], 304), found 401
REQUEST		request_4	1660045301506	1660045301705	KO	status.find.in([200, 209], 304), found 401
REQUEST		request_5	1660045302712	1660045302914	KO	status.find.in([200, 209], 304), found 401
REQUEST		request_6	1660045303926	1660045304088	KO	status.find.in([200, 209], 304), found 401
REQUEST		request_7	1660045305102	1660045305266	KO	status.find.in([200, 209], 304), found 401
REQUEST		request_8	1660045306267	1660045306445	KO	status.find.in([200, 209], 304), found 401
REQUEST		request_9	1660045307460	1660045307696	KO	status.find.in([200, 209], 304), found 401
USER	Scenario Name	END	1660045307696
USER	Scenario Name	START	1660045309701
REQUEST		request_1	1660045309700	1660045310311	KO	status.find.in([200, 209], 304), found 401
REQUEST		request_2	1660045311316	1660045311471	KO	status.find.in([200, 209], 304), found 401
REQUEST		request_3	1660045312479	1660045312640	KO	status.find.in([200, 209], 304), found 401
REQUEST		request_4	1660045313656	1660045313813	KO	status.find.in([200, 209], 304), found 401
REQUEST		request_5	1660045314821	1660045314978	KO	status.find.in([200, 209], 304), found 401
REQUEST		request_6	1660045315987	1660045316143	KO	status.find.in([200, 209], 304), found 401
REQUEST		request_7	1660045317157	1660045317313	KO	status.find.in([200, 209], 304), found 401
REQUEST		request_8	1660045318327	1660045318483	KO	status.find.in([200, 209], 304), found 401
REQUEST		request_9	1660045319494	1660045320101	KO	status.find.in([200, 209], 304), found 401
USER	Scenario Name	END	1660045320102
USER	Scenario Name	START	1660045321691
REQUEST		request_1	1660045321690	1660045322179	KO	status.find.in([200, 209], 304), found 401
REQUEST		request_2	1660045323193	1660045323354	KO	status.find.in([200, 209], 304), found 401
REQUEST		request_3	1660045324357	1660045324526	KO	status.find.in([200, 209], 304), found 401
REQUEST		request_4	1660045325528	1660045325687	KO	status.find.in([200, 209], 304), found 401
REQUEST		request_5	1660045326693	1660045326853	KO	status.find.in([200, 209], 304), found 401
REQUEST		request_6	1660045327862	1660045328022	KO	status.find.in([200, 209], 304), found 401
REQUEST		request_7	1660045329035	1660045329193	KO	status.find.in([200, 209], 304), found 401
REQUEST		request_8	1660045330206	1660045330365	KO	status.find.in([200, 209], 304), found 401
REQUEST		request_9	1660045331371	1660045331530	KO	status.find.in([200, 209], 304), found 401
USER	Scenario Name	END	1660045331531
USER	Scenario Name	START	1660045333691
REQUEST		request_1	1660045333689	1660045334169	KO	status.find.in([200, 209], 304), found 401
REQUEST		request_2	1660045335181	1660045335339	KO	status.find.in([200, 209], 304), found 401
REQUEST		request_3	1660045336349	1660045336507	KO	status.find.in([200, 209], 304), found 401
REQUEST		request_4	1660045337518	1660045337684	KO	status.find.in([200, 209], 304), found 401
REQUEST		request_5	1660045338689	1660045338848	KO	status.find.in([200, 209], 304), found 401
REQUEST		request_6	1660045339855	1660045340017	KO	status.find.in([200, 209], 304), found 401
REQUEST		request_7	1660045341021	1660045341182	KO	status.find.in([200, 209], 304), found 401
REQUEST		request_8	1660045342187	1660045342349	KO	status.find.in([200, 209], 304), found 401
REQUEST		request_9	1660045343353	1660045343533	KO	status.find.in([200, 209], 304), found 401
USER	Scenario Name	END	1660045343534
USER	Scenario Name	START	1660045345692
REQUEST		request_1	1660045345692	1660045346166	KO	status.find.in([200, 209], 304), found 401
REQUEST		request_2	1660045347181	1660045347333	KO	status.find.in([200, 209], 304), found 401
REQUEST		request_3	1660045348348	1660045348523	KO	status.find.in([200, 209], 304), found 401
REQUEST		request_4	1660045349530	1660045349696	KO	status.find.in([200, 209], 304), found 401
REQUEST		request_5	1660045350700	1660045350850	KO	status.find.in([200, 209], 304), found 401
REQUEST		request_6	1660045351866	1660045352021	KO	status.find.in([200, 209], 304), found 401
REQUEST		request_7	1660045353032	1660045353186	KO	status.find.in([200, 209], 304), found 401
REQUEST		request_8	1660045354193	1660045354345	KO	status.find.in([200, 209], 304), found 401
REQUEST		request_9	1660045355350	1660045355506	KO	status.find.in([200, 209], 304), found 401
USER	Scenario Name	END	1660045355508
