RUN	ScorpioSimulation	scorpiosimulation	1661853964662	ScorpioTestSimulation	3.8.2
USER	Scenario Name	START	1661853965665
REQUEST		request_1	1661853965661	1661853966161	KO	status.find.in([200, 209], 304), found 401
REQUEST		request_2	1661853967190	1661853967351	KO	status.find.in([200, 209], 304), found 401
REQUEST		request_3	1661853968367	1661853968527	KO	status.find.in([200, 209], 304), found 401
REQUEST		request_4	1661853969542	1661853969706	KO	status.find.in([200, 209], 304), found 401
REQUEST		request_5	1661853970722	1661853970881	KO	status.find.in([200, 209], 304), found 401
REQUEST		request_6	1661853971898	1661853972061	KO	status.find.in([200, 209], 304), found 401
REQUEST		request_7	1661853973076	1661853973243	KO	status.find.in([200, 209], 304), found 401
REQUEST		request_8	1661853974253	1661853974416	KO	status.find.in([200, 209], 304), found 401
USER	Scenario Name	END	1661853974419
USER	Scenario Name	START	1661853995638
REQUEST		request_1	1661853995633	1661853996137	KO	status.find.in([200, 209], 304), found 401
REQUEST		request_2	1661853997149	1661853997313	KO	status.find.in([200, 209], 304), found 401
REQUEST		request_3	1661853998329	1661853998495	KO	status.find.in([200, 209], 304), found 401
REQUEST		request_4	1661853999512	1661853999679	KO	status.find.in([200, 209], 304), found 401
REQUEST		request_5	1661854000684	1661854000847	KO	status.find.in([200, 209], 304), found 401
REQUEST		request_6	1661854001864	1661854002028	KO	status.find.in([200, 209], 304), found 401
REQUEST		request_7	1661854003041	1661854003206	KO	status.find.in([200, 209], 304), found 401
REQUEST		request_8	1661854004209	1661854004374	KO	status.find.in([200, 209], 304), found 401
USER	Scenario Name	END	1661854004375
