RUN	computerdatabase.BasicSimulation	basicsimulation	1660111083937	ksfsw	3.8.2
USER	Scenario Name	START	1660111085769
REQUEST		request_1	1660111085765	1660111086355	OK	 
REQUEST		request_2	1660111087388	1660111087552	OK	 
REQUEST		request_3	1660111088554	1660111088720	OK	 
REQUEST		request_4	1660111089724	1660111089888	OK	 
REQUEST		request_5	1660111090892	1660111091055	OK	 
USER	Scenario Name	START	1660111091726
REQUEST		request_1	1660111091725	1660111092208	OK	 
REQUEST		request_6	1660111092062	1660111092224	OK	 
REQUEST		request_2	1660111093219	1660111093381	OK	 
REQUEST		request_7	1660111093236	1660111093408	OK	 
REQUEST		request_3	1660111094399	1660111094574	OK	 
REQUEST		request_8	1660111094413	1660111094576	KO	status.find.in([200, 209], 304), found 409
USER	Scenario Name	END	1660111095587
REQUEST		request_4	1660111095580	1660111095758	OK	 
REQUEST		request_5	1660111096776	1660111096937	OK	 
USER	Scenario Name	START	1660111097736
REQUEST		request_6	1660111097947	1660111098108	OK	 
REQUEST		request_1	1660111097734	1660111098224	OK	 
REQUEST		request_7	1660111099129	1660111099291	KO	status.find.in([200, 209], 304), found 409
REQUEST		request_2	1660111099227	1660111099386	OK	 
REQUEST		request_8	1660111100308	1660111100471	KO	status.find.in([200, 209], 304), found 409
REQUEST		request_3	1660111100389	1660111100549	OK	 
USER	Scenario Name	END	1660111101478
REQUEST		request_4	1660111101559	1660111101720	OK	 
REQUEST		request_5	1660111102725	1660111102905	OK	 
USER	Scenario Name	START	1660111103729
REQUEST		request_6	1660111103926	1660111104097	OK	 
REQUEST		request_1	1660111103727	1660111104239	OK	 
REQUEST		request_7	1660111105110	1660111105276	KO	status.find.in([200, 209], 304), found 409
REQUEST		request_2	1660111105245	1660111105410	OK	 
REQUEST		request_8	1660111106287	1660111106447	KO	status.find.in([200, 209], 304), found 409
REQUEST		request_3	1660111106421	1660111106583	OK	 
USER	Scenario Name	END	1660111107453
REQUEST		request_4	1660111107603	1660111107763	OK	 
REQUEST		request_5	1660111108785	1660111108966	OK	 
USER	Scenario Name	START	1660111109723
REQUEST		request_6	1660111109975	1660111110136	OK	 
REQUEST		request_1	1660111109722	1660111110216	OK	 
REQUEST		request_7	1660111111144	1660111111304	KO	status.find.in([200, 209], 304), found 409
REQUEST		request_2	1660111111219	1660111111384	OK	 
REQUEST		request_8	1660111112323	1660111112482	KO	status.find.in([200, 209], 304), found 409
REQUEST		request_3	1660111112395	1660111112559	OK	 
USER	Scenario Name	END	1660111113513
REQUEST		request_4	1660111113560	1660111113759	OK	 
REQUEST		request_5	1660111114763	1660111114928	OK	 
USER	Scenario Name	START	1660111115756
REQUEST		request_6	1660111115930	1660111116098	OK	 
REQUEST		request_1	1660111115754	1660111116231	OK	 
REQUEST		request_7	1660111117103	1660111117267	KO	status.find.in([200, 209], 304), found 409
REQUEST		request_2	1660111117239	1660111117398	OK	 
REQUEST		request_8	1660111118278	1660111118443	KO	status.find.in([200, 209], 304), found 409
REQUEST		request_3	1660111118418	1660111118576	OK	 
USER	Scenario Name	END	1660111119449
REQUEST		request_4	1660111119578	1660111119736	OK	 
REQUEST		request_5	1660111120746	1660111120905	OK	 
USER	Scenario Name	START	1660111121739
REQUEST		request_6	1660111121921	1660111122078	OK	 
REQUEST		request_1	1660111121738	1660111122237	OK	 
REQUEST		request_7	1660111123095	1660111123254	KO	status.find.in([200, 209], 304), found 409
REQUEST		request_2	1660111123257	1660111123444	OK	 
REQUEST		request_8	1660111124255	1660111124414	KO	status.find.in([200, 209], 304), found 409
REQUEST		request_3	1660111124457	1660111124623	OK	 
USER	Scenario Name	END	1660111125428
REQUEST		request_4	1660111125648	1660111125819	OK	 
REQUEST		request_5	1660111126834	1660111127001	OK	 
USER	Scenario Name	START	1660111127734
REQUEST		request_6	1660111128006	1660111128190	OK	 
REQUEST		request_1	1660111127732	1660111128231	OK	 
REQUEST		request_7	1660111129196	1660111129367	KO	status.find.in([200, 209], 304), found 409
REQUEST		request_2	1660111129256	1660111129470	OK	 
REQUEST		request_8	1660111130394	1660111130561	KO	status.find.in([200, 209], 304), found 409
REQUEST		request_3	1660111130494	1660111130660	OK	 
USER	Scenario Name	END	1660111131568
REQUEST		request_4	1660111131663	1660111131826	OK	 
REQUEST		request_5	1660111132834	1660111132999	OK	 
USER	Scenario Name	START	1660111133737
REQUEST		request_6	1660111134011	1660111134176	OK	 
REQUEST		request_1	1660111133736	1660111134200	OK	 
REQUEST		request_7	1660111135178	1660111135339	KO	status.find.in([200, 209], 304), found 409
REQUEST		request_2	1660111135215	1660111135369	OK	 
REQUEST		request_8	1660111136342	1660111136503	KO	status.find.in([200, 209], 304), found 409
REQUEST		request_3	1660111136381	1660111136537	OK	 
USER	Scenario Name	END	1660111137514
REQUEST		request_4	1660111137545	1660111137705	OK	 
REQUEST		request_5	1660111138711	1660111138872	OK	 
USER	Scenario Name	START	1660111139733
REQUEST		request_6	1660111139880	1660111140035	OK	 
REQUEST		request_1	1660111139732	1660111140223	OK	 
REQUEST		request_7	1660111141038	1660111141190	KO	status.find.in([200, 209], 304), found 409
REQUEST		request_2	1660111141227	1660111141393	OK	 
REQUEST		request_8	1660111142210	1660111142364	KO	status.find.in([200, 209], 304), found 409
REQUEST		request_3	1660111142396	1660111142561	OK	 
USER	Scenario Name	END	1660111143381
REQUEST		request_4	1660111143577	1660111143743	OK	 
REQUEST		request_5	1660111144751	1660111144917	OK	 
USER	Scenario Name	START	1660111145735
REQUEST		request_6	1660111145927	1660111146093	OK	 
REQUEST		request_1	1660111145734	1660111146217	OK	 
REQUEST		request_7	1660111147099	1660111147265	KO	status.find.in([200, 209], 304), found 409
REQUEST		request_2	1660111147230	1660111147394	OK	 
REQUEST		request_8	1660111148283	1660111148450	KO	status.find.in([200, 209], 304), found 409
REQUEST		request_3	1660111148415	1660111148580	OK	 
USER	Scenario Name	END	1660111149468
REQUEST		request_4	1660111149591	1660111149754	OK	 
REQUEST		request_5	1660111150778	1660111150940	OK	 
USER	Scenario Name	START	1660111151732
REQUEST		request_6	1660111151943	1660111152104	OK	 
REQUEST		request_1	1660111151730	1660111152230	OK	 
REQUEST		request_7	1660111153124	1660111153285	KO	status.find.in([200, 209], 304), found 409
REQUEST		request_2	1660111153254	1660111153420	OK	 
REQUEST		request_8	1660111154301	1660111154467	KO	status.find.in([200, 209], 304), found 409
REQUEST		request_3	1660111154432	1660111154599	OK	 
USER	Scenario Name	END	1660111155482
REQUEST		request_4	1660111155614	1660111155782	OK	 
REQUEST		request_5	1660111156789	1660111156958	OK	 
USER	Scenario Name	START	1660111157749
REQUEST		request_6	1660111157976	1660111158143	OK	 
REQUEST		request_1	1660111157747	1660111158214	OK	 
REQUEST		request_7	1660111159147	1660111159313	KO	status.find.in([200, 209], 304), found 409
REQUEST		request_2	1660111159239	1660111159394	OK	 
REQUEST		request_8	1660111160316	1660111160485	KO	status.find.in([200, 209], 304), found 409
REQUEST		request_3	1660111160410	1660111160566	OK	 
USER	Scenario Name	END	1660111161494
REQUEST		request_4	1660111161591	1660111161747	OK	 
REQUEST		request_5	1660111162759	1660111162917	OK	 
USER	Scenario Name	START	1660111163738
REQUEST		request_6	1660111163920	1660111164077	OK	 
REQUEST		request_1	1660111163737	1660111164229	OK	 
REQUEST		request_7	1660111165084	1660111165242	KO	status.find.in([200, 209], 304), found 409
REQUEST		request_2	1660111165237	1660111165404	OK	 
REQUEST		request_8	1660111166251	1660111166408	KO	status.find.in([200, 209], 304), found 409
REQUEST		request_3	1660111166407	1660111166574	OK	 
USER	Scenario Name	END	1660111167419
REQUEST		request_4	1660111167594	1660111167758	OK	 
REQUEST		request_5	1660111168766	1660111168934	OK	 
USER	Scenario Name	START	1660111169746
REQUEST		request_6	1660111169945	1660111170110	OK	 
REQUEST		request_1	1660111169745	1660111170239	OK	 
REQUEST		request_7	1660111171119	1660111171285	KO	status.find.in([200, 209], 304), found 409
REQUEST		request_2	1660111171266	1660111171431	OK	 
REQUEST		request_8	1660111172302	1660111172469	KO	status.find.in([200, 209], 304), found 409
REQUEST		request_3	1660111172433	1660111172598	OK	 
USER	Scenario Name	END	1660111173487
REQUEST		request_4	1660111173603	1660111173771	OK	 
REQUEST		request_5	1660111174779	1660111174945	OK	 
USER	Scenario Name	START	1660111175725
REQUEST		request_6	1660111175960	1660111176128	OK	 
REQUEST		request_1	1660111175724	1660111176199	OK	 
REQUEST		request_7	1660111177133	1660111177297	KO	status.find.in([200, 209], 304), found 409
REQUEST		request_2	1660111177214	1660111177372	OK	 
REQUEST		request_8	1660111178310	1660111178474	KO	status.find.in([200, 209], 304), found 409
REQUEST		request_3	1660111178376	1660111178536	OK	 
USER	Scenario Name	END	1660111179494
REQUEST		request_4	1660111179552	1660111179712	OK	 
REQUEST		request_5	1660111180743	1660111180905	OK	 
USER	Scenario Name	START	1660111181734
REQUEST		request_6	1660111181931	1660111182091	OK	 
REQUEST		request_1	1660111181732	1660111182206	OK	 
REQUEST		request_7	1660111183101	1660111183261	KO	status.find.in([200, 209], 304), found 409
REQUEST		request_2	1660111183223	1660111183386	OK	 
REQUEST		request_8	1660111184279	1660111184439	KO	status.find.in([200, 209], 304), found 409
REQUEST		request_3	1660111184400	1660111184568	OK	 
USER	Scenario Name	END	1660111185449
REQUEST		request_4	1660111185570	1660111185731	OK	 
REQUEST		request_5	1660111186736	1660111186897	OK	 
USER	Scenario Name	START	1660111187723
REQUEST		request_6	1660111187908	1660111188065	OK	 
REQUEST		request_1	1660111187722	1660111188196	OK	 
REQUEST		request_7	1660111189079	1660111189242	KO	status.find.in([200, 209], 304), found 409
REQUEST		request_2	1660111189204	1660111189363	OK	 
REQUEST		request_8	1660111190259	1660111190422	KO	status.find.in([200, 209], 304), found 409
REQUEST		request_3	1660111190365	1660111190527	OK	 
USER	Scenario Name	END	1660111191444
REQUEST		request_4	1660111191532	1660111191693	OK	 
REQUEST		request_5	1660111192701	1660111192860	OK	 
USER	Scenario Name	START	1660111193739
REQUEST		request_6	1660111193864	1660111194024	OK	 
REQUEST		request_1	1660111193737	1660111194245	OK	 
REQUEST		request_7	1660111195035	1660111195193	KO	status.find.in([200, 209], 304), found 409
REQUEST		request_2	1660111195247	1660111195412	OK	 
REQUEST		request_8	1660111196197	1660111196355	KO	status.find.in([200, 209], 304), found 409
REQUEST		request_3	1660111196417	1660111196584	OK	 
USER	Scenario Name	END	1660111197357
REQUEST		request_4	1660111197591	1660111197759	OK	 
REQUEST		request_5	1660111198765	1660111198934	OK	 
USER	Scenario Name	START	1660111199739
REQUEST		request_6	1660111199947	1660111200118	OK	 
REQUEST		request_1	1660111199738	1660111200208	OK	 
REQUEST		request_7	1660111201121	1660111201286	KO	status.find.in([200, 209], 304), found 409
REQUEST		request_2	1660111201213	1660111201368	OK	 
REQUEST		request_8	1660111202292	1660111202461	KO	status.find.in([200, 209], 304), found 409
REQUEST		request_3	1660111202373	1660111202530	OK	 
USER	Scenario Name	END	1660111203476
REQUEST		request_4	1660111203540	1660111203699	OK	 
REQUEST		request_5	1660111204709	1660111204863	OK	 
USER	Scenario Name	START	1660111205722
REQUEST		request_6	1660111205870	1660111206062	OK	 
REQUEST		request_1	1660111205721	1660111206227	OK	 
REQUEST		request_7	1660111207069	1660111207224	KO	status.find.in([200, 209], 304), found 409
REQUEST		request_2	1660111207232	1660111207393	OK	 
REQUEST		request_8	1660111208233	1660111208395	KO	status.find.in([200, 209], 304), found 409
REQUEST		request_3	1660111208399	1660111208561	OK	 
USER	Scenario Name	END	1660111209415
REQUEST		request_4	1660111209574	1660111209739	OK	 
REQUEST		request_5	1660111210752	1660111210916	OK	 
USER	Scenario Name	START	1660111211729
REQUEST		request_6	1660111211921	1660111212083	OK	 
REQUEST		request_1	1660111211728	1660111212199	OK	 
REQUEST		request_7	1660111213090	1660111213250	KO	status.find.in([200, 209], 304), found 409
REQUEST		request_2	1660111213205	1660111213363	OK	 
REQUEST		request_8	1660111214255	1660111214417	KO	status.find.in([200, 209], 304), found 409
REQUEST		request_3	1660111214380	1660111214539	OK	 
USER	Scenario Name	END	1660111215439
REQUEST		request_4	1660111215561	1660111215723	OK	 
REQUEST		request_5	1660111216739	1660111216903	OK	 
USER	Scenario Name	START	1660111217724
REQUEST		request_6	1660111217912	1660111218072	OK	 
REQUEST		request_1	1660111217722	1660111218190	OK	 
REQUEST		request_7	1660111219086	1660111219247	KO	status.find.in([200, 209], 304), found 409
REQUEST		request_2	1660111219212	1660111219369	OK	 
REQUEST		request_8	1660111220263	1660111220424	KO	status.find.in([200, 209], 304), found 409
REQUEST		request_3	1660111220372	1660111220527	OK	 
USER	Scenario Name	END	1660111221451
REQUEST		request_4	1660111221533	1660111221690	OK	 
REQUEST		request_5	1660111222705	1660111222861	OK	 
USER	Scenario Name	START	1660111223729
REQUEST		request_6	1660111223864	1660111224018	OK	 
REQUEST		request_1	1660111223728	1660111224220	OK	 
REQUEST		request_7	1660111225034	1660111225228	KO	status.find.in([200, 209], 304), found 409
REQUEST		request_2	1660111225227	1660111225436	OK	 
REQUEST		request_8	1660111226237	1660111226393	KO	status.find.in([200, 209], 304), found 409
REQUEST		request_3	1660111226455	1660111226621	OK	 
USER	Scenario Name	END	1660111227404
REQUEST		request_4	1660111227637	1660111227807	OK	 
REQUEST		request_5	1660111228815	1660111228978	OK	 
USER	Scenario Name	START	1660111229725
REQUEST		request_6	1660111229988	1660111230150	OK	 
REQUEST		request_1	1660111229724	1660111230203	OK	 
REQUEST		request_7	1660111231162	1660111231326	KO	status.find.in([200, 209], 304), found 409
REQUEST		request_2	1660111231214	1660111231377	OK	 
REQUEST		request_8	1660111232340	1660111232502	KO	status.find.in([200, 209], 304), found 409
REQUEST		request_3	1660111232386	1660111232543	OK	 
USER	Scenario Name	END	1660111233508
REQUEST		request_4	1660111233556	1660111233717	OK	 
REQUEST		request_5	1660111234721	1660111234879	OK	 
USER	Scenario Name	START	1660111235742
REQUEST		request_6	1660111235893	1660111236051	OK	 
REQUEST		request_1	1660111235741	1660111236222	OK	 
REQUEST		request_7	1660111237069	1660111237226	KO	status.find.in([200, 209], 304), found 409
REQUEST		request_2	1660111237229	1660111237392	OK	 
REQUEST		request_8	1660111238248	1660111238407	KO	status.find.in([200, 209], 304), found 409
REQUEST		request_3	1660111238407	1660111238568	OK	 
USER	Scenario Name	END	1660111239412
REQUEST		request_4	1660111239577	1660111239754	OK	 
REQUEST		request_5	1660111240764	1660111240924	OK	 
USER	Scenario Name	START	1660111241725
REQUEST		request_6	1660111241928	1660111242088	OK	 
REQUEST		request_1	1660111241725	1660111242217	OK	 
REQUEST		request_7	1660111243099	1660111243257	KO	status.find.in([200, 209], 304), found 409
REQUEST		request_2	1660111243239	1660111243402	OK	 
REQUEST		request_8	1660111244262	1660111244420	KO	status.find.in([200, 209], 304), found 409
REQUEST		request_3	1660111244415	1660111244579	OK	 
USER	Scenario Name	END	1660111245426
REQUEST		request_4	1660111245592	1660111245757	OK	 
REQUEST		request_5	1660111246772	1660111246935	OK	 
USER	Scenario Name	START	1660111247726
REQUEST		request_6	1660111247951	1660111248118	OK	 
REQUEST		request_1	1660111247724	1660111248190	OK	 
REQUEST		request_7	1660111249131	1660111249295	KO	status.find.in([200, 209], 304), found 409
REQUEST		request_2	1660111249194	1660111249354	OK	 
REQUEST		request_8	1660111250300	1660111250462	KO	status.find.in([200, 209], 304), found 409
REQUEST		request_3	1660111250359	1660111250512	OK	 
USER	Scenario Name	END	1660111251491
REQUEST		request_4	1660111251520	1660111251674	OK	 
REQUEST		request_5	1660111252676	1660111252830	OK	 
USER	Scenario Name	START	1660111253732
REQUEST		request_6	1660111253848	1660111254003	OK	 
REQUEST		request_1	1660111253731	1660111254202	OK	 
REQUEST		request_7	1660111255017	1660111255170	KO	status.find.in([200, 209], 304), found 409
REQUEST		request_2	1660111255211	1660111255369	OK	 
REQUEST		request_8	1660111256180	1660111256333	KO	status.find.in([200, 209], 304), found 409
REQUEST		request_3	1660111256390	1660111256549	OK	 
USER	Scenario Name	END	1660111257344
REQUEST		request_4	1660111257561	1660111257719	OK	 
REQUEST		request_5	1660111258724	1660111258882	OK	 
USER	Scenario Name	START	1660111259737
REQUEST		request_6	1660111259893	1660111260050	OK	 
REQUEST		request_1	1660111259736	1660111260222	OK	 
REQUEST		request_7	1660111261055	1660111261214	KO	status.find.in([200, 209], 304), found 409
REQUEST		request_2	1660111261244	1660111261410	OK	 
REQUEST		request_8	1660111262230	1660111262388	KO	status.find.in([200, 209], 304), found 409
REQUEST		request_3	1660111262419	1660111262582	OK	 
USER	Scenario Name	END	1660111263393
REQUEST		request_4	1660111263592	1660111263774	OK	 
REQUEST		request_5	1660111264794	1660111264959	OK	 
USER	Scenario Name	START	1660111265725
REQUEST		request_6	1660111265968	1660111266153	OK	 
REQUEST		request_1	1660111265724	1660111266221	OK	 
REQUEST		request_7	1660111267162	1660111267328	KO	status.find.in([200, 209], 304), found 409
REQUEST		request_2	1660111267226	1660111267390	OK	 
REQUEST		request_8	1660111268348	1660111268511	KO	status.find.in([200, 209], 304), found 409
REQUEST		request_3	1660111268392	1660111268558	OK	 
USER	Scenario Name	END	1660111269529
REQUEST		request_4	1660111269576	1660111269740	OK	 
REQUEST		request_5	1660111270744	1660111270907	OK	 
USER	Scenario Name	START	1660111271728
REQUEST		request_6	1660111271918	1660111272080	OK	 
REQUEST		request_1	1660111271727	1660111272192	OK	 
REQUEST		request_7	1660111273110	1660111273271	KO	status.find.in([200, 209], 304), found 409
REQUEST		request_2	1660111273195	1660111273348	OK	 
REQUEST		request_8	1660111274278	1660111274439	KO	status.find.in([200, 209], 304), found 409
REQUEST		request_3	1660111274365	1660111274519	OK	 
USER	Scenario Name	END	1660111275454
REQUEST		request_4	1660111275533	1660111275687	OK	 
REQUEST		request_5	1660111276695	1660111276850	OK	 
USER	Scenario Name	START	1660111277728
REQUEST		request_6	1660111277852	1660111278006	OK	 
REQUEST		request_1	1660111277727	1660111278207	OK	 
REQUEST		request_7	1660111279011	1660111279166	KO	status.find.in([200, 209], 304), found 409
REQUEST		request_2	1660111279211	1660111279381	OK	 
REQUEST		request_8	1660111280167	1660111280321	KO	status.find.in([200, 209], 304), found 409
REQUEST		request_3	1660111280388	1660111280545	OK	 
USER	Scenario Name	END	1660111281324
REQUEST		request_4	1660111281559	1660111281718	OK	 
REQUEST		request_5	1660111282721	1660111282880	OK	 
USER	Scenario Name	START	1660111283736
REQUEST		request_6	1660111283889	1660111284046	OK	 
REQUEST		request_1	1660111283735	1660111284222	OK	 
REQUEST		request_7	1660111285056	1660111285213	KO	status.find.in([200, 209], 304), found 409
REQUEST		request_2	1660111285228	1660111285388	OK	 
REQUEST		request_8	1660111286223	1660111286380	KO	status.find.in([200, 209], 304), found 409
REQUEST		request_3	1660111286392	1660111286552	OK	 
USER	Scenario Name	END	1660111287393
REQUEST		request_4	1660111287565	1660111287726	OK	 
REQUEST		request_5	1660111288728	1660111288889	OK	 
USER	Scenario Name	START	1660111289735
REQUEST		request_6	1660111289902	1660111290072	OK	 
REQUEST		request_1	1660111289734	1660111290238	OK	 
REQUEST		request_7	1660111291075	1660111291235	KO	status.find.in([200, 209], 304), found 409
REQUEST		request_2	1660111291249	1660111291420	OK	 
REQUEST		request_8	1660111292243	1660111292402	KO	status.find.in([200, 209], 304), found 409
REQUEST		request_3	1660111292433	1660111292599	OK	 
USER	Scenario Name	END	1660111293409
REQUEST		request_4	1660111293610	1660111293776	OK	 
REQUEST		request_5	1660111294792	1660111294960	OK	 
USER	Scenario Name	START	1660111295728
REQUEST		request_6	1660111295962	1660111296127	OK	 
REQUEST		request_1	1660111295727	1660111296191	OK	 
REQUEST		request_7	1660111297130	1660111297297	KO	status.find.in([200, 209], 304), found 409
REQUEST		request_2	1660111297207	1660111297363	OK	 
REQUEST		request_8	1660111298303	1660111298465	KO	status.find.in([200, 209], 304), found 409
REQUEST		request_3	1660111298366	1660111298573	OK	 
USER	Scenario Name	END	1660111299475
REQUEST		request_4	1660111299586	1660111299742	OK	 
REQUEST		request_5	1660111300758	1660111300913	OK	 
USER	Scenario Name	START	1660111301737
REQUEST		request_6	1660111301922	1660111302076	OK	 
REQUEST		request_1	1660111301736	1660111302199	OK	 
REQUEST		request_7	1660111303090	1660111303246	KO	status.find.in([200, 209], 304), found 409
REQUEST		request_2	1660111303215	1660111303371	OK	 
REQUEST		request_8	1660111304255	1660111304410	KO	status.find.in([200, 209], 304), found 409
REQUEST		request_3	1660111304381	1660111304551	OK	 
USER	Scenario Name	END	1660111305418
REQUEST		request_4	1660111305557	1660111305745	OK	 
REQUEST		request_5	1660111306759	1660111306914	OK	 
USER	Scenario Name	START	1660111307729
REQUEST		request_6	1660111307929	1660111308084	OK	 
REQUEST		request_1	1660111307728	1660111308212	OK	 
REQUEST		request_7	1660111309101	1660111309258	KO	status.find.in([200, 209], 304), found 409
REQUEST		request_2	1660111309226	1660111309394	OK	 
REQUEST		request_8	1660111310260	1660111310415	KO	status.find.in([200, 209], 304), found 409
REQUEST		request_3	1660111310401	1660111310563	OK	 
USER	Scenario Name	END	1660111311423
REQUEST		request_4	1660111311566	1660111311730	OK	 
REQUEST		request_5	1660111312742	1660111312904	OK	 
USER	Scenario Name	START	1660111313726
REQUEST		request_6	1660111313912	1660111314136	OK	 
REQUEST		request_1	1660111313726	1660111314276	OK	 
REQUEST		request_7	1660111315156	1660111315317	KO	status.find.in([200, 209], 304), found 409
REQUEST		request_2	1660111315300	1660111315462	OK	 
REQUEST		request_8	1660111316333	1660111316506	KO	status.find.in([200, 209], 304), found 409
REQUEST		request_3	1660111316464	1660111316630	OK	 
USER	Scenario Name	END	1660111317515
REQUEST		request_4	1660111317634	1660111317795	OK	 
REQUEST		request_5	1660111318797	1660111318958	OK	 
USER	Scenario Name	START	1660111319752
REQUEST		request_6	1660111319967	1660111320130	OK	 
REQUEST		request_1	1660111319751	1660111320262	OK	 
REQUEST		request_7	1660111321134	1660111321298	KO	status.find.in([200, 209], 304), found 409
REQUEST		request_2	1660111321266	1660111321432	OK	 
REQUEST		request_8	1660111322328	1660111322490	KO	status.find.in([200, 209], 304), found 409
REQUEST		request_3	1660111322450	1660111322616	OK	 
USER	Scenario Name	END	1660111323499
REQUEST		request_4	1660111323638	1660111323807	OK	 
REQUEST		request_5	1660111324810	1660111324977	OK	 
USER	Scenario Name	START	1660111325734
REQUEST		request_6	1660111325987	1660111326153	OK	 
REQUEST		request_1	1660111325733	1660111326220	OK	 
REQUEST		request_7	1660111327166	1660111327331	KO	status.find.in([200, 209], 304), found 409
REQUEST		request_2	1660111327223	1660111327391	OK	 
REQUEST		request_8	1660111328342	1660111328509	KO	status.find.in([200, 209], 304), found 409
REQUEST		request_3	1660111328406	1660111328567	OK	 
USER	Scenario Name	END	1660111329526
REQUEST		request_4	1660111329573	1660111329737	OK	 
REQUEST		request_5	1660111330743	1660111330906	OK	 
USER	Scenario Name	START	1660111331740
REQUEST		request_6	1660111331916	1660111332078	OK	 
REQUEST		request_1	1660111331739	1660111332232	OK	 
REQUEST		request_7	1660111333095	1660111333260	KO	status.find.in([200, 209], 304), found 409
REQUEST		request_2	1660111333248	1660111333413	OK	 
REQUEST		request_8	1660111334276	1660111334437	KO	status.find.in([200, 209], 304), found 409
REQUEST		request_3	1660111334425	1660111334587	OK	 
USER	Scenario Name	END	1660111335460
REQUEST		request_4	1660111335599	1660111335762	OK	 
REQUEST		request_5	1660111336767	1660111336929	OK	 
USER	Scenario Name	START	1660111337740
REQUEST		request_6	1660111337936	1660111338098	OK	 
REQUEST		request_1	1660111337738	1660111338206	OK	 
REQUEST		request_7	1660111339099	1660111339262	KO	status.find.in([200, 209], 304), found 409
REQUEST		request_2	1660111339222	1660111339377	OK	 
REQUEST		request_8	1660111340267	1660111340428	KO	status.find.in([200, 209], 304), found 409
REQUEST		request_3	1660111340385	1660111340541	OK	 
USER	Scenario Name	END	1660111341440
REQUEST		request_4	1660111341553	1660111341709	OK	 
REQUEST		request_5	1660111342715	1660111342874	OK	 
USER	Scenario Name	START	1660111343733
REQUEST		request_6	1660111343887	1660111344047	OK	 
REQUEST		request_1	1660111343733	1660111344234	OK	 
REQUEST		request_7	1660111345057	1660111345212	KO	status.find.in([200, 209], 304), found 409
REQUEST		request_2	1660111345241	1660111345413	OK	 
REQUEST		request_8	1660111346218	1660111346378	KO	status.find.in([200, 209], 304), found 409
REQUEST		request_3	1660111346439	1660111346606	OK	 
USER	Scenario Name	END	1660111347384
REQUEST		request_4	1660111347618	1660111347788	OK	 
REQUEST		request_5	1660111348800	1660111348981	OK	 
USER	Scenario Name	START	1660111349733
REQUEST		request_6	1660111349994	1660111350160	OK	 
REQUEST		request_1	1660111349732	1660111350239	OK	 
REQUEST		request_7	1660111351167	1660111351333	KO	status.find.in([200, 209], 304), found 409
REQUEST		request_2	1660111351254	1660111351415	OK	 
REQUEST		request_8	1660111352335	1660111352501	KO	status.find.in([200, 209], 304), found 409
REQUEST		request_3	1660111352436	1660111352597	OK	 
USER	Scenario Name	END	1660111353512
REQUEST		request_4	1660111353605	1660111353767	OK	 
REQUEST		request_5	1660111354783	1660111354945	OK	 
USER	Scenario Name	START	1660111355725
REQUEST		request_6	1660111355954	1660111356118	OK	 
REQUEST		request_1	1660111355725	1660111356216	OK	 
REQUEST		request_7	1660111357125	1660111357289	KO	status.find.in([200, 209], 304), found 409
REQUEST		request_2	1660111357218	1660111357382	OK	 
REQUEST		request_8	1660111358304	1660111358466	KO	status.find.in([200, 209], 304), found 409
REQUEST		request_3	1660111358386	1660111358549	OK	 
USER	Scenario Name	END	1660111359468
REQUEST		request_4	1660111359572	1660111359736	OK	 
REQUEST		request_5	1660111360747	1660111360912	OK	 
USER	Scenario Name	START	1660111361743
REQUEST		request_6	1660111361920	1660111362090	OK	 
REQUEST		request_1	1660111361742	1660111362214	OK	 
REQUEST		request_7	1660111363105	1660111363271	KO	status.find.in([200, 209], 304), found 409
REQUEST		request_2	1660111363232	1660111363392	OK	 
REQUEST		request_8	1660111364287	1660111364450	KO	status.find.in([200, 209], 304), found 409
REQUEST		request_3	1660111364400	1660111364563	OK	 
USER	Scenario Name	END	1660111365454
REQUEST		request_4	1660111365587	1660111365745	OK	 
REQUEST		request_5	1660111366763	1660111366923	OK	 
USER	Scenario Name	START	1660111367744
REQUEST		request_6	1660111367935	1660111368095	OK	 
REQUEST		request_1	1660111367742	1660111368235	OK	 
REQUEST		request_7	1660111369102	1660111369260	KO	status.find.in([200, 209], 304), found 409
REQUEST		request_2	1660111369236	1660111369398	OK	 
REQUEST		request_8	1660111370271	1660111370430	KO	status.find.in([200, 209], 304), found 409
REQUEST		request_3	1660111370418	1660111370582	OK	 
USER	Scenario Name	END	1660111371451
REQUEST		request_4	1660111371595	1660111371781	OK	 
REQUEST		request_5	1660111372787	1660111372953	OK	 
USER	Scenario Name	START	1660111373745
REQUEST		request_6	1660111373965	1660111374127	OK	 
REQUEST		request_1	1660111373744	1660111374235	OK	 
REQUEST		request_7	1660111375141	1660111375302	KO	status.find.in([200, 209], 304), found 409
REQUEST		request_2	1660111375237	1660111375399	OK	 
REQUEST		request_8	1660111376317	1660111376479	KO	status.find.in([200, 209], 304), found 409
REQUEST		request_3	1660111376410	1660111376574	OK	 
USER	Scenario Name	END	1660111377482
REQUEST		request_4	1660111377577	1660111377742	OK	 
REQUEST		request_5	1660111378744	1660111378918	OK	 
USER	Scenario Name	START	1660111379734
REQUEST		request_6	1660111379919	1660111380084	OK	 
REQUEST		request_1	1660111379733	1660111380207	OK	 
REQUEST		request_7	1660111381099	1660111381271	KO	status.find.in([200, 209], 304), found 409
REQUEST		request_2	1660111381210	1660111381413	OK	 
REQUEST		request_8	1660111382279	1660111382444	KO	status.find.in([200, 209], 304), found 409
REQUEST		request_3	1660111382420	1660111382580	OK	 
USER	Scenario Name	END	1660111383452
REQUEST		request_4	1660111383591	1660111383756	OK	 
REQUEST		request_5	1660111384769	1660111384983	OK	 
USER	Scenario Name	START	1660111385736
REQUEST		request_6	1660111385999	1660111386158	OK	 
REQUEST		request_1	1660111385735	1660111386210	OK	 
REQUEST		request_7	1660111387171	1660111387356	KO	status.find.in([200, 209], 304), found 409
REQUEST		request_2	1660111387217	1660111387378	OK	 
REQUEST		request_8	1660111388373	1660111388530	KO	status.find.in([200, 209], 304), found 409
REQUEST		request_3	1660111388388	1660111388546	OK	 
USER	Scenario Name	END	1660111389532
REQUEST		request_4	1660111389561	1660111389720	OK	 
REQUEST		request_5	1660111390737	1660111390896	OK	 
USER	Scenario Name	START	1660111391732
REQUEST		request_6	1660111391903	1660111392063	OK	 
REQUEST		request_1	1660111391732	1660111392223	OK	 
REQUEST		request_7	1660111393079	1660111393240	KO	status.find.in([200, 209], 304), found 409
REQUEST		request_2	1660111393237	1660111393412	OK	 
REQUEST		request_8	1660111394255	1660111394423	KO	status.find.in([200, 209], 304), found 409
REQUEST		request_3	1660111394413	1660111394577	OK	 
USER	Scenario Name	END	1660111395430
REQUEST		request_4	1660111395588	1660111395753	OK	 
REQUEST		request_5	1660111396764	1660111396928	OK	 
USER	Scenario Name	START	1660111397730
REQUEST		request_6	1660111397935	1660111398099	OK	 
REQUEST		request_1	1660111397729	1660111398218	OK	 
REQUEST		request_7	1660111399114	1660111399283	KO	status.find.in([200, 209], 304), found 409
REQUEST		request_2	1660111399222	1660111399384	OK	 
REQUEST		request_8	1660111400298	1660111400471	KO	status.find.in([200, 209], 304), found 409
REQUEST		request_3	1660111400394	1660111400555	OK	 
USER	Scenario Name	END	1660111401480
REQUEST		request_4	1660111401559	1660111401720	OK	 
REQUEST		request_5	1660111402731	1660111402890	OK	 
USER	Scenario Name	START	1660111403731
REQUEST		request_6	1660111403899	1660111404073	OK	 
REQUEST		request_1	1660111403730	1660111404233	OK	 
REQUEST		request_7	1660111405081	1660111405244	KO	status.find.in([200, 209], 304), found 409
REQUEST		request_2	1660111405239	1660111405399	OK	 
REQUEST		request_8	1660111406260	1660111406420	KO	status.find.in([200, 209], 304), found 409
REQUEST		request_3	1660111406402	1660111406563	OK	 
USER	Scenario Name	END	1660111407435
REQUEST		request_4	1660111407574	1660111407731	OK	 
REQUEST		request_5	1660111408738	1660111408897	OK	 
USER	Scenario Name	START	1660111409735
REQUEST		request_6	1660111409906	1660111410064	OK	 
REQUEST		request_1	1660111409734	1660111410207	OK	 
REQUEST		request_7	1660111411067	1660111411229	KO	status.find.in([200, 209], 304), found 409
REQUEST		request_2	1660111411221	1660111411379	OK	 
REQUEST		request_8	1660111412230	1660111412395	KO	status.find.in([200, 209], 304), found 409
REQUEST		request_3	1660111412389	1660111412554	OK	 
USER	Scenario Name	END	1660111413397
REQUEST		request_4	1660111413571	1660111413752	OK	 
REQUEST		request_5	1660111414765	1660111414924	OK	 
USER	Scenario Name	START	1660111415725
REQUEST		request_6	1660111415945	1660111416114	OK	 
REQUEST		request_1	1660111415724	1660111416199	OK	 
REQUEST		request_7	1660111417135	1660111417300	KO	status.find.in([200, 209], 304), found 409
REQUEST		request_2	1660111417202	1660111417361	OK	 
REQUEST		request_8	1660111418308	1660111418466	KO	status.find.in([200, 209], 304), found 409
REQUEST		request_3	1660111418368	1660111418531	OK	 
USER	Scenario Name	END	1660111419468
REQUEST		request_4	1660111419550	1660111419708	OK	 
REQUEST		request_5	1660111420712	1660111420873	OK	 
USER	Scenario Name	START	1660111421742
REQUEST		request_6	1660111421896	1660111422062	OK	 
REQUEST		request_1	1660111421741	1660111422222	OK	 
REQUEST		request_7	1660111423075	1660111423234	KO	status.find.in([200, 209], 304), found 409
REQUEST		request_2	1660111423233	1660111423393	OK	 
REQUEST		request_8	1660111424241	1660111424406	KO	status.find.in([200, 209], 304), found 409
REQUEST		request_3	1660111424408	1660111424584	OK	 
USER	Scenario Name	END	1660111425419
REQUEST		request_4	1660111425603	1660111425769	OK	 
REQUEST		request_5	1660111426777	1660111426946	OK	 
USER	Scenario Name	START	1660111427736
REQUEST		request_6	1660111427954	1660111428112	OK	 
REQUEST		request_1	1660111427735	1660111428264	OK	 
REQUEST		request_7	1660111429125	1660111429285	KO	status.find.in([200, 209], 304), found 409
REQUEST		request_2	1660111429279	1660111429442	OK	 
REQUEST		request_8	1660111430295	1660111430453	KO	status.find.in([200, 209], 304), found 409
REQUEST		request_3	1660111430457	1660111430622	OK	 
USER	Scenario Name	END	1660111431460
REQUEST		request_4	1660111431634	1660111431807	OK	 
REQUEST		request_5	1660111432809	1660111432978	OK	 
USER	Scenario Name	START	1660111433735
REQUEST		request_6	1660111433998	1660111434166	OK	 
REQUEST		request_1	1660111433733	1660111434202	OK	 
REQUEST		request_7	1660111435178	1660111435342	KO	status.find.in([200, 209], 304), found 409
REQUEST		request_2	1660111435220	1660111435377	OK	 
REQUEST		request_8	1660111436346	1660111436510	KO	status.find.in([200, 209], 304), found 409
REQUEST		request_3	1660111436392	1660111436551	OK	 
USER	Scenario Name	END	1660111437519
REQUEST		request_4	1660111437560	1660111437716	OK	 
REQUEST		request_5	1660111438731	1660111438888	OK	 
USER	Scenario Name	START	1660111439733
REQUEST		request_6	1660111439900	1660111440055	OK	 
REQUEST		request_1	1660111439732	1660111440213	OK	 
REQUEST		request_7	1660111441066	1660111441220	KO	status.find.in([200, 209], 304), found 409
REQUEST		request_2	1660111441214	1660111441373	OK	 
REQUEST		request_8	1660111442237	1660111442393	KO	status.find.in([200, 209], 304), found 409
REQUEST		request_3	1660111442387	1660111442547	OK	 
USER	Scenario Name	END	1660111443411
REQUEST		request_4	1660111443552	1660111443711	OK	 
REQUEST		request_5	1660111444722	1660111444881	OK	 
USER	Scenario Name	START	1660111445730
REQUEST		request_6	1660111445896	1660111446055	OK	 
REQUEST		request_1	1660111445729	1660111446238	OK	 
REQUEST		request_7	1660111447059	1660111447222	KO	status.find.in([200, 209], 304), found 409
REQUEST		request_2	1660111447243	1660111447409	OK	 
REQUEST		request_8	1660111448248	1660111448409	KO	status.find.in([200, 209], 304), found 409
REQUEST		request_3	1660111448410	1660111448577	OK	 
USER	Scenario Name	END	1660111449418
REQUEST		request_4	1660111449582	1660111449753	OK	 
REQUEST		request_5	1660111450761	1660111450933	OK	 
USER	Scenario Name	START	1660111451730
REQUEST		request_6	1660111451946	1660111452114	OK	 
REQUEST		request_1	1660111451729	1660111452213	OK	 
REQUEST		request_7	1660111453120	1660111453286	KO	status.find.in([200, 209], 304), found 409
REQUEST		request_2	1660111453215	1660111453380	OK	 
REQUEST		request_8	1660111454287	1660111454453	KO	status.find.in([200, 209], 304), found 409
REQUEST		request_3	1660111454396	1660111454559	OK	 
USER	Scenario Name	END	1660111455458
REQUEST		request_4	1660111455562	1660111455728	OK	 
REQUEST		request_5	1660111456737	1660111456906	OK	 
USER	Scenario Name	START	1660111457745
REQUEST		request_6	1660111457924	1660111458088	OK	 
REQUEST		request_1	1660111457744	1660111458217	OK	 
REQUEST		request_7	1660111459099	1660111459262	KO	status.find.in([200, 209], 304), found 409
REQUEST		request_2	1660111459229	1660111459391	OK	 
REQUEST		request_8	1660111460275	1660111460439	KO	status.find.in([200, 209], 304), found 409
REQUEST		request_3	1660111460394	1660111460556	OK	 
USER	Scenario Name	END	1660111461457
REQUEST		request_4	1660111461558	1660111461727	OK	 
REQUEST		request_5	1660111462735	1660111462893	OK	 
USER	Scenario Name	START	1660111463739
REQUEST		request_6	1660111463900	1660111464060	OK	 
REQUEST		request_1	1660111463738	1660111464256	OK	 
REQUEST		request_7	1660111465069	1660111465225	KO	status.find.in([200, 209], 304), found 409
REQUEST		request_2	1660111465279	1660111465446	OK	 
REQUEST		request_8	1660111466232	1660111466398	KO	status.find.in([200, 209], 304), found 409
REQUEST		request_3	1660111466467	1660111466629	OK	 
USER	Scenario Name	END	1660111467405
REQUEST		request_4	1660111467645	1660111467808	OK	 
REQUEST		request_5	1660111468827	1660111468992	OK	 
USER	Scenario Name	START	1660111469727
REQUEST		request_6	1660111470011	1660111470176	OK	 
REQUEST		request_1	1660111469726	1660111470207	OK	 
REQUEST		request_7	1660111471192	1660111471361	KO	status.find.in([200, 209], 304), found 409
REQUEST		request_2	1660111471224	1660111471387	OK	 
REQUEST		request_8	1660111472364	1660111472531	KO	status.find.in([200, 209], 304), found 409
REQUEST		request_3	1660111472402	1660111472565	OK	 
USER	Scenario Name	END	1660111473540
REQUEST		request_4	1660111473577	1660111473737	OK	 
REQUEST		request_5	1660111474754	1660111474912	OK	 
USER	Scenario Name	START	1660111475735
REQUEST		request_6	1660111475919	1660111476081	OK	 
REQUEST		request_1	1660111475735	1660111476208	OK	 
REQUEST		request_7	1660111477090	1660111477253	KO	status.find.in([200, 209], 304), found 409
REQUEST		request_2	1660111477218	1660111477371	OK	 
REQUEST		request_8	1660111478269	1660111478429	KO	status.find.in([200, 209], 304), found 409
REQUEST		request_3	1660111478376	1660111478533	OK	 
USER	Scenario Name	END	1660111479450
REQUEST		request_4	1660111479538	1660111479694	OK	 
REQUEST		request_5	1660111480711	1660111480874	OK	 
USER	Scenario Name	START	1660111481727
REQUEST		request_6	1660111481889	1660111482048	OK	 
REQUEST		request_1	1660111481726	1660111482204	OK	 
REQUEST		request_7	1660111483049	1660111483214	KO	status.find.in([200, 209], 304), found 409
REQUEST		request_2	1660111483219	1660111483406	OK	 
REQUEST		request_8	1660111484223	1660111484378	KO	status.find.in([200, 209], 304), found 409
REQUEST		request_3	1660111484416	1660111484575	OK	 
USER	Scenario Name	END	1660111485391
REQUEST		request_4	1660111485587	1660111485743	OK	 
REQUEST		request_5	1660111486747	1660111486904	OK	 
USER	Scenario Name	START	1660111487733
REQUEST		request_6	1660111487916	1660111488074	OK	 
REQUEST		request_1	1660111487732	1660111488212	OK	 
REQUEST		request_7	1660111489079	1660111489243	KO	status.find.in([200, 209], 304), found 409
REQUEST		request_2	1660111489217	1660111489378	OK	 
REQUEST		request_8	1660111490264	1660111490420	KO	status.find.in([200, 209], 304), found 409
REQUEST		request_3	1660111490386	1660111490545	OK	 
USER	Scenario Name	END	1660111491426
REQUEST		request_4	1660111491549	1660111491707	OK	 
REQUEST		request_5	1660111492726	1660111492885	OK	 
USER	Scenario Name	START	1660111493723
REQUEST		request_6	1660111493885	1660111494051	OK	 
REQUEST		request_1	1660111493722	1660111494199	OK	 
REQUEST		request_7	1660111495061	1660111495220	KO	status.find.in([200, 209], 304), found 409
REQUEST		request_2	1660111495204	1660111495368	OK	 
REQUEST		request_8	1660111496247	1660111496413	KO	status.find.in([200, 209], 304), found 409
REQUEST		request_3	1660111496370	1660111496536	OK	 
USER	Scenario Name	END	1660111497415
REQUEST		request_4	1660111497552	1660111497711	OK	 
REQUEST		request_5	1660111498733	1660111498896	OK	 
USER	Scenario Name	START	1660111499736
REQUEST		request_6	1660111499924	1660111500083	OK	 
REQUEST		request_1	1660111499734	1660111500233	OK	 
REQUEST		request_7	1660111501101	1660111501258	KO	status.find.in([200, 209], 304), found 409
REQUEST		request_2	1660111501247	1660111501414	OK	 
REQUEST		request_8	1660111502267	1660111502427	KO	status.find.in([200, 209], 304), found 409
REQUEST		request_3	1660111502424	1660111502591	OK	 
USER	Scenario Name	END	1660111503432
REQUEST		request_4	1660111503609	1660111503777	OK	 
REQUEST		request_5	1660111504786	1660111504952	OK	 
USER	Scenario Name	START	1660111505724
REQUEST		request_6	1660111505965	1660111506132	OK	 
REQUEST		request_1	1660111505723	1660111506215	OK	 
REQUEST		request_7	1660111507149	1660111507321	KO	status.find.in([200, 209], 304), found 409
REQUEST		request_2	1660111507231	1660111507393	OK	 
REQUEST		request_8	1660111508326	1660111508494	KO	status.find.in([200, 209], 304), found 409
REQUEST		request_3	1660111508409	1660111508574	OK	 
USER	Scenario Name	END	1660111509507
REQUEST		request_4	1660111509582	1660111509745	OK	 
REQUEST		request_5	1660111510761	1660111510927	OK	 
USER	Scenario Name	START	1660111511742
REQUEST		request_6	1660111511931	1660111512096	OK	 
REQUEST		request_1	1660111511741	1660111512212	OK	 
REQUEST		request_7	1660111513109	1660111513273	KO	status.find.in([200, 209], 304), found 409
REQUEST		request_2	1660111513232	1660111513391	OK	 
REQUEST		request_8	1660111514296	1660111514459	KO	status.find.in([200, 209], 304), found 409
REQUEST		request_3	1660111514406	1660111514564	OK	 
USER	Scenario Name	END	1660111515478
REQUEST		request_4	1660111515576	1660111515739	OK	 
REQUEST		request_5	1660111516757	1660111516915	OK	 
USER	Scenario Name	START	1660111517743
REQUEST		request_6	1660111517933	1660111518093	OK	 
REQUEST		request_1	1660111517742	1660111518236	OK	 
REQUEST		request_7	1660111519102	1660111519262	KO	status.find.in([200, 209], 304), found 409
REQUEST		request_2	1660111519241	1660111519406	OK	 
REQUEST		request_8	1660111520267	1660111520426	KO	status.find.in([200, 209], 304), found 409
REQUEST		request_3	1660111520411	1660111520577	OK	 
USER	Scenario Name	END	1660111521449
REQUEST		request_4	1660111521585	1660111521747	OK	 
REQUEST		request_5	1660111522763	1660111522928	OK	 
USER	Scenario Name	START	1660111523729
REQUEST		request_6	1660111523936	1660111524099	OK	 
REQUEST		request_1	1660111523728	1660111524203	OK	 
REQUEST		request_7	1660111525109	1660111525273	KO	status.find.in([200, 209], 304), found 409
REQUEST		request_2	1660111525213	1660111525370	OK	 
REQUEST		request_8	1660111526296	1660111526468	KO	status.find.in([200, 209], 304), found 409
REQUEST		request_3	1660111526376	1660111526533	OK	 
USER	Scenario Name	END	1660111527479
REQUEST		request_4	1660111527538	1660111527700	OK	 
REQUEST		request_5	1660111528711	1660111528867	OK	 
USER	Scenario Name	START	1660111529726
REQUEST		request_6	1660111529882	1660111530047	OK	 
REQUEST		request_1	1660111529725	1660111530208	OK	 
REQUEST		request_7	1660111531061	1660111531221	KO	status.find.in([200, 209], 304), found 409
REQUEST		request_2	1660111531227	1660111531386	OK	 
REQUEST		request_8	1660111532231	1660111532391	KO	status.find.in([200, 209], 304), found 409
REQUEST		request_3	1660111532401	1660111532561	OK	 
USER	Scenario Name	END	1660111533409
REQUEST		request_4	1660111533576	1660111533750	OK	 
REQUEST		request_5	1660111534755	1660111534913	OK	 
USER	Scenario Name	START	1660111535722
REQUEST		request_6	1660111535922	1660111536083	OK	 
REQUEST		request_1	1660111535721	1660111536212	OK	 
REQUEST		request_7	1660111537088	1660111537246	KO	status.find.in([200, 209], 304), found 409
REQUEST		request_2	1660111537217	1660111537379	OK	 
REQUEST		request_8	1660111538267	1660111538427	KO	status.find.in([200, 209], 304), found 409
REQUEST		request_3	1660111538390	1660111538554	OK	 
USER	Scenario Name	END	1660111539433
REQUEST		request_4	1660111539559	1660111539730	OK	 
REQUEST		request_5	1660111540752	1660111540916	OK	 
USER	Scenario Name	START	1660111541733
REQUEST		request_6	1660111541941	1660111542106	OK	 
REQUEST		request_1	1660111541733	1660111542208	OK	 
REQUEST		request_7	1660111543118	1660111543283	KO	status.find.in([200, 209], 304), found 409
REQUEST		request_2	1660111543217	1660111543375	OK	 
REQUEST		request_8	1660111544293	1660111544454	KO	status.find.in([200, 209], 304), found 409
REQUEST		request_3	1660111544381	1660111544540	OK	 
USER	Scenario Name	END	1660111545468
REQUEST		request_4	1660111545555	1660111545716	OK	 
REQUEST		request_5	1660111546722	1660111546881	OK	 
USER	Scenario Name	START	1660111547726
REQUEST		request_6	1660111547884	1660111548043	OK	 
REQUEST		request_1	1660111547725	1660111548214	OK	 
REQUEST		request_7	1660111549050	1660111549206	KO	status.find.in([200, 209], 304), found 409
REQUEST		request_2	1660111549222	1660111549382	OK	 
REQUEST		request_8	1660111550215	1660111550375	KO	status.find.in([200, 209], 304), found 409
REQUEST		request_3	1660111550390	1660111550551	OK	 
USER	Scenario Name	END	1660111551382
REQUEST		request_4	1660111551564	1660111551727	OK	 
REQUEST		request_5	1660111552733	1660111552895	OK	 
USER	Scenario Name	START	1660111553730
REQUEST		request_6	1660111553898	1660111554060	OK	 
REQUEST		request_1	1660111553729	1660111554217	OK	 
REQUEST		request_7	1660111555063	1660111555226	KO	status.find.in([200, 209], 304), found 409
REQUEST		request_2	1660111555239	1660111555403	OK	 
REQUEST		request_8	1660111556240	1660111556401	KO	status.find.in([200, 209], 304), found 409
REQUEST		request_3	1660111556409	1660111556600	OK	 
USER	Scenario Name	END	1660111557403
REQUEST		request_4	1660111557606	1660111557800	OK	 
REQUEST		request_5	1660111558803	1660111558971	OK	 
USER	Scenario Name	START	1660111559739
REQUEST		request_6	1660111559994	1660111560170	OK	 
REQUEST		request_1	1660111559738	1660111560274	OK	 
REQUEST		request_7	1660111561175	1660111561342	KO	status.find.in([200, 209], 304), found 409
REQUEST		request_2	1660111561292	1660111561452	OK	 
REQUEST		request_8	1660111562348	1660111562510	KO	status.find.in([200, 209], 304), found 409
REQUEST		request_3	1660111562457	1660111562620	OK	 
USER	Scenario Name	END	1660111563520
REQUEST		request_4	1660111563633	1660111563798	OK	 
REQUEST		request_5	1660111564802	1660111564973	OK	 
USER	Scenario Name	START	1660111565724
REQUEST		request_6	1660111565988	1660111566153	OK	 
REQUEST		request_1	1660111565723	1660111566265	OK	 
REQUEST		request_7	1660111567161	1660111567336	KO	status.find.in([200, 209], 304), found 409
REQUEST		request_2	1660111567279	1660111567455	OK	 
REQUEST		request_8	1660111568338	1660111568523	KO	status.find.in([200, 209], 304), found 409
REQUEST		request_3	1660111568456	1660111568638	OK	 
USER	Scenario Name	END	1660111569527
REQUEST		request_4	1660111569641	1660111569820	OK	 
REQUEST		request_5	1660111570835	1660111571023	OK	 
USER	Scenario Name	START	1660111571743
REQUEST		request_6	1660111572032	1660111572206	OK	 
REQUEST		request_1	1660111571742	1660111572248	OK	 
REQUEST		request_7	1660111573224	1660111573395	KO	status.find.in([200, 209], 304), found 409
REQUEST		request_2	1660111573267	1660111573440	OK	 
REQUEST		request_8	1660111574407	1660111574579	KO	status.find.in([200, 209], 304), found 409
REQUEST		request_3	1660111574453	1660111574624	OK	 
USER	Scenario Name	END	1660111575590
REQUEST		request_4	1660111575648	1660111575816	OK	 
REQUEST		request_5	1660111576818	1660111576991	OK	 
USER	Scenario Name	START	1660111577726
REQUEST		request_6	1660111578007	1660111578175	OK	 
REQUEST		request_1	1660111577725	1660111578234	OK	 
REQUEST		request_7	1660111579195	1660111579365	KO	status.find.in([200, 209], 304), found 409
REQUEST		request_2	1660111579241	1660111579413	OK	 
REQUEST		request_8	1660111580375	1660111580570	KO	status.find.in([200, 209], 304), found 409
REQUEST		request_3	1660111580424	1660111580607	OK	 
USER	Scenario Name	END	1660111581574
REQUEST		request_4	1660111581617	1660111581788	OK	 
REQUEST		request_5	1660111582792	1660111582963	OK	 
USER	Scenario Name	START	1660111583725
REQUEST		request_6	1660111583987	1660111584196	OK	 
REQUEST		request_1	1660111583725	1660111584340	OK	 
REQUEST		request_7	1660111585208	1660111585375	KO	status.find.in([200, 209], 304), found 409
REQUEST		request_2	1660111585362	1660111585530	OK	 
REQUEST		request_8	1660111586388	1660111586558	KO	status.find.in([200, 209], 304), found 409
REQUEST		request_3	1660111586535	1660111586699	OK	 
USER	Scenario Name	END	1660111587564
REQUEST		request_4	1660111587708	1660111587879	OK	 
REQUEST		request_5	1660111588894	1660111589081	OK	 
USER	Scenario Name	START	1660111589728
REQUEST		request_1	1660111589727	1660111590231	OK	 
REQUEST		request_6	1660111590086	1660111590259	OK	 
REQUEST		request_2	1660111591256	1660111591431	OK	 
REQUEST		request_7	1660111591272	1660111591440	KO	status.find.in([200, 209], 304), found 409
REQUEST		request_3	1660111592441	1660111592615	OK	 
REQUEST		request_8	1660111592441	1660111592620	KO	status.find.in([200, 209], 304), found 409
USER	Scenario Name	END	1660111593624
REQUEST		request_4	1660111593623	1660111593801	OK	 
REQUEST		request_5	1660111594807	1660111594977	OK	 
USER	Scenario Name	START	1660111595732
REQUEST		request_6	1660111596000	1660111596182	OK	 
REQUEST		request_1	1660111595731	1660111596277	OK	 
REQUEST		request_7	1660111597201	1660111597393	KO	status.find.in([200, 209], 304), found 409
REQUEST		request_2	1660111597294	1660111597471	OK	 
REQUEST		request_8	1660111598404	1660111598571	KO	status.find.in([200, 209], 304), found 409
REQUEST		request_3	1660111598484	1660111598677	OK	 
USER	Scenario Name	END	1660111599576
REQUEST		request_4	1660111599685	1660111599857	OK	 
REQUEST		request_5	1660111600877	1660111601055	OK	 
USER	Scenario Name	START	1660111601729
REQUEST		request_1	1660111601728	1660111602226	OK	 
REQUEST		request_6	1660111602067	1660111602230	OK	 
REQUEST		request_2	1660111603232	1660111603399	OK	 
REQUEST		request_7	1660111603232	1660111603429	KO	status.find.in([200, 209], 304), found 409
REQUEST		request_3	1660111604404	1660111604582	OK	 
REQUEST		request_8	1660111604431	1660111604594	KO	status.find.in([200, 209], 304), found 409
USER	Scenario Name	END	1660111605598
REQUEST		request_4	1660111605597	1660111605760	OK	 
REQUEST		request_5	1660111606773	1660111606948	OK	 
USER	Scenario Name	START	1660111607736
REQUEST		request_6	1660111607954	1660111608125	OK	 
REQUEST		request_1	1660111607735	1660111608244	OK	 
REQUEST		request_7	1660111609140	1660111609300	KO	status.find.in([200, 209], 304), found 409
REQUEST		request_2	1660111609247	1660111609414	OK	 
REQUEST		request_8	1660111610304	1660111610467	KO	status.find.in([200, 209], 304), found 409
REQUEST		request_3	1660111610430	1660111610598	OK	 
USER	Scenario Name	END	1660111611483
REQUEST		request_4	1660111611605	1660111611776	OK	 
REQUEST		request_5	1660111612785	1660111612952	OK	 
USER	Scenario Name	START	1660111613732
REQUEST		request_6	1660111613969	1660111614143	OK	 
REQUEST		request_1	1660111613731	1660111614261	OK	 
REQUEST		request_7	1660111615155	1660111615325	KO	status.find.in([200, 209], 304), found 409
REQUEST		request_2	1660111615263	1660111615431	OK	 
REQUEST		request_8	1660111616337	1660111616504	KO	status.find.in([200, 209], 304), found 409
REQUEST		request_3	1660111616434	1660111616603	OK	 
USER	Scenario Name	END	1660111617517
REQUEST		request_4	1660111617604	1660111617757	OK	 
REQUEST		request_5	1660111618768	1660111618924	OK	 
USER	Scenario Name	START	1660111619730
REQUEST		request_6	1660111619946	1660111620117	OK	 
REQUEST		request_1	1660111619730	1660111620222	OK	 
REQUEST		request_7	1660111621120	1660111621288	KO	status.find.in([200, 209], 304), found 409
REQUEST		request_2	1660111621246	1660111621414	OK	 
REQUEST		request_8	1660111622293	1660111622462	KO	status.find.in([200, 209], 304), found 409
REQUEST		request_3	1660111622424	1660111622592	OK	 
USER	Scenario Name	END	1660111623477
REQUEST		request_4	1660111623597	1660111623765	OK	 
REQUEST		request_5	1660111624782	1660111624945	OK	 
USER	Scenario Name	START	1660111625722
REQUEST		request_6	1660111625946	1660111626125	OK	 
REQUEST		request_1	1660111625721	1660111626236	OK	 
REQUEST		request_7	1660111627138	1660111627303	KO	status.find.in([200, 209], 304), found 409
REQUEST		request_2	1660111627246	1660111627409	OK	 
REQUEST		request_8	1660111628315	1660111628507	KO	status.find.in([200, 209], 304), found 409
REQUEST		request_3	1660111628422	1660111628595	OK	 
USER	Scenario Name	END	1660111629511
REQUEST		request_4	1660111629603	1660111629780	OK	 
REQUEST		request_5	1660111630784	1660111630964	OK	 
USER	Scenario Name	START	1660111631731
REQUEST		request_6	1660111631980	1660111632153	OK	 
REQUEST		request_1	1660111631730	1660111632226	OK	 
REQUEST		request_7	1660111633165	1660111633354	KO	status.find.in([200, 209], 304), found 409
REQUEST		request_2	1660111633228	1660111633407	OK	 
REQUEST		request_8	1660111634355	1660111634586	KO	status.find.in([200, 209], 304), found 409
REQUEST		request_3	1660111634416	1660111634599	OK	 
USER	Scenario Name	END	1660111635602
REQUEST		request_4	1660111635602	1660111635773	OK	 
REQUEST		request_5	1660111636785	1660111636957	OK	 
USER	Scenario Name	START	1660111637732
REQUEST		request_6	1660111637969	1660111638129	OK	 
REQUEST		request_1	1660111637731	1660111638317	OK	 
REQUEST		request_7	1660111639145	1660111639306	KO	status.find.in([200, 209], 304), found 409
REQUEST		request_2	1660111639320	1660111639487	OK	 
REQUEST		request_8	1660111640308	1660111640473	KO	status.find.in([200, 209], 304), found 409
REQUEST		request_3	1660111640498	1660111640669	OK	 
USER	Scenario Name	END	1660111641487
REQUEST		request_4	1660111641679	1660111641840	OK	 
REQUEST		request_5	1660111642847	1660111643013	OK	 
USER	Scenario Name	START	1660111643733
REQUEST		request_6	1660111644015	1660111644174	OK	 
REQUEST		request_1	1660111643732	1660111644218	OK	 
REQUEST		request_7	1660111645185	1660111645339	KO	status.find.in([200, 209], 304), found 409
REQUEST		request_2	1660111645233	1660111645403	OK	 
REQUEST		request_8	1660111646344	1660111646516	KO	status.find.in([200, 209], 304), found 409
REQUEST		request_3	1660111646406	1660111646576	OK	 
USER	Scenario Name	END	1660111647529
REQUEST		request_4	1660111647592	1660111647776	OK	 
REQUEST		request_5	1660111648782	1660111648945	OK	 
USER	Scenario Name	START	1660111649732
REQUEST		request_6	1660111649953	1660111650118	OK	 
REQUEST		request_1	1660111649731	1660111650264	OK	 
REQUEST		request_7	1660111651126	1660111651296	KO	status.find.in([200, 209], 304), found 409
REQUEST		request_2	1660111651268	1660111651438	OK	 
REQUEST		request_8	1660111652305	1660111652463	KO	status.find.in([200, 209], 304), found 409
REQUEST		request_3	1660111652445	1660111652621	OK	 
USER	Scenario Name	END	1660111653477
REQUEST		request_4	1660111653634	1660111653806	OK	 
REQUEST		request_5	1660111654814	1660111654983	OK	 
USER	Scenario Name	START	1660111655730
REQUEST		request_6	1660111655993	1660111656170	OK	 
REQUEST		request_1	1660111655729	1660111656250	OK	 
REQUEST		request_7	1660111657177	1660111657342	KO	status.find.in([200, 209], 304), found 409
REQUEST		request_2	1660111657257	1660111657437	OK	 
REQUEST		request_8	1660111658353	1660111658518	KO	status.find.in([200, 209], 304), found 409
REQUEST		request_3	1660111658450	1660111658621	OK	 
USER	Scenario Name	END	1660111659522
REQUEST		request_4	1660111659632	1660111659798	OK	 
REQUEST		request_5	1660111660811	1660111660976	OK	 
USER	Scenario Name	START	1660111661743
REQUEST		request_6	1660111661985	1660111662151	OK	 
REQUEST		request_1	1660111661737	1660111662270	OK	 
REQUEST		request_7	1660111663156	1660111663375	KO	status.find.in([200, 209], 304), found 409
REQUEST		request_2	1660111663284	1660111663465	OK	 
REQUEST		request_8	1660111664385	1660111664558	KO	status.find.in([200, 209], 304), found 409
REQUEST		request_3	1660111664481	1660111664657	OK	 
USER	Scenario Name	END	1660111665566
REQUEST		request_4	1660111665661	1660111665857	OK	 
REQUEST		request_5	1660111666862	1660111667030	OK	 
USER	Scenario Name	START	1660111667728
REQUEST		request_6	1660111668041	1660111668212	OK	 
REQUEST		request_1	1660111667727	1660111668213	OK	 
REQUEST		request_2	1660111669222	1660111669397	OK	 
REQUEST		request_7	1660111669222	1660111669397	KO	status.find.in([200, 209], 304), found 409
REQUEST		request_3	1660111670406	1660111670582	OK	 
REQUEST		request_8	1660111670406	1660111670583	KO	status.find.in([200, 209], 304), found 409
USER	Scenario Name	END	1660111671589
REQUEST		request_4	1660111671588	1660111671758	OK	 
REQUEST		request_5	1660111672768	1660111672946	OK	 
USER	Scenario Name	START	1660111673722
REQUEST		request_6	1660111673956	1660111674117	OK	 
REQUEST		request_1	1660111673721	1660111674230	OK	 
REQUEST		request_7	1660111675133	1660111675306	KO	status.find.in([200, 209], 304), found 409
REQUEST		request_2	1660111675241	1660111675412	OK	 
REQUEST		request_8	1660111676313	1660111676484	KO	status.find.in([200, 209], 304), found 409
REQUEST		request_3	1660111676423	1660111676599	OK	 
USER	Scenario Name	END	1660111677487
REQUEST		request_4	1660111677609	1660111677792	OK	 
REQUEST		request_5	1660111678801	1660111678972	OK	 
USER	Scenario Name	START	1660111679734
REQUEST		request_6	1660111679987	1660111680166	OK	 
REQUEST		request_1	1660111679733	1660111680277	OK	 
REQUEST		request_7	1660111681178	1660111681373	KO	status.find.in([200, 209], 304), found 409
REQUEST		request_2	1660111681289	1660111681457	OK	 
REQUEST		request_8	1660111682381	1660111682555	KO	status.find.in([200, 209], 304), found 409
REQUEST		request_3	1660111682460	1660111682650	OK	 
USER	Scenario Name	END	1660111683562
REQUEST		request_4	1660111683655	1660111683820	OK	 
REQUEST		request_5	1660111684835	1660111685006	OK	 
REQUEST		request_6	1660111686018	1660111686181	OK	 
REQUEST		request_7	1660111687194	1660111687443	KO	status.find.in([200, 209], 304), found 409
REQUEST		request_8	1660111688456	1660111688618	KO	status.find.in([200, 209], 304), found 409
USER	Scenario Name	END	1660111689629
