RUN	computerdatabase.BasicSimulation	basicsimulation	1660039990085	sdfsf	3.8.2
ERROR	request_1: Failed to build request: No baseUrl defined but provided url is relative : /types 	1660039991372
USER	scn	START	1660039991378
ERROR	request_2: Failed to build request: No baseUrl defined but provided url is relative : /types 	1660039992382
ERROR	request_3: Failed to build request: No baseUrl defined but provided url is relative : /types 	1660039993383
ERROR	request_4: Failed to build request: No baseUrl defined but provided url is relative : /types 	1660039994394
ERROR	request_5: Failed to build request: No baseUrl defined but provided url is relative : /types 	1660039994395
ERROR	request_6: Failed to build request: No baseUrl defined but provided url is relative : /types 	1660039994396
ERROR	request_7: Failed to build request: No baseUrl defined but provided url is relative : /entities 	1660039994397
ERROR	request_8: Failed to build request: No baseUrl defined but provided url is relative : /entityOperations/upsert 	1660039994398
USER	scn	END	1660039994400
ERROR	request_1: Failed to build request: No baseUrl defined but provided url is relative : /types 	1660039997372
USER	scn	START	1660039997372
ERROR	request_2: Failed to build request: No baseUrl defined but provided url is relative : /types 	1660039998384
ERROR	request_3: Failed to build request: No baseUrl defined but provided url is relative : /types 	1660039999392
ERROR	request_4: Failed to build request: No baseUrl defined but provided url is relative : /types 	1660040000403
ERROR	request_5: Failed to build request: No baseUrl defined but provided url is relative : /types 	1660040000404
ERROR	request_6: Failed to build request: No baseUrl defined but provided url is relative : /types 	1660040000405
ERROR	request_7: Failed to build request: No baseUrl defined but provided url is relative : /entities 	1660040000407
ERROR	request_8: Failed to build request: No baseUrl defined but provided url is relative : /entityOperations/upsert 	1660040000408
USER	scn	END	1660040000408
ERROR	request_1: Failed to build request: No baseUrl defined but provided url is relative : /types 	1660040003359
USER	scn	START	1660040003359
ERROR	request_2: Failed to build request: No baseUrl defined but provided url is relative : /types 	1660040004365
ERROR	request_3: Failed to build request: No baseUrl defined but provided url is relative : /types 	1660040005367
ERROR	request_4: Failed to build request: No baseUrl defined but provided url is relative : /types 	1660040006377
ERROR	request_5: Failed to build request: No baseUrl defined but provided url is relative : /types 	1660040006377
ERROR	request_6: Failed to build request: No baseUrl defined but provided url is relative : /types 	1660040006379
ERROR	request_7: Failed to build request: No baseUrl defined but provided url is relative : /entities 	1660040006381
ERROR	request_8: Failed to build request: No baseUrl defined but provided url is relative : /entityOperations/upsert 	1660040006382
USER	scn	END	1660040006382
ERROR	request_1: Failed to build request: No baseUrl defined but provided url is relative : /types 	1660040009361
USER	scn	START	1660040009362
ERROR	request_2: Failed to build request: No baseUrl defined but provided url is relative : /types 	1660040010370
ERROR	request_3: Failed to build request: No baseUrl defined but provided url is relative : /types 	1660040011377
ERROR	request_4: Failed to build request: No baseUrl defined but provided url is relative : /types 	1660040012388
ERROR	request_5: Failed to build request: No baseUrl defined but provided url is relative : /types 	1660040012389
ERROR	request_6: Failed to build request: No baseUrl defined but provided url is relative : /types 	1660040012390
ERROR	request_7: Failed to build request: No baseUrl defined but provided url is relative : /entities 	1660040012391
ERROR	request_8: Failed to build request: No baseUrl defined but provided url is relative : /entityOperations/upsert 	1660040012391
USER	scn	END	1660040012392
ERROR	request_1: Failed to build request: No baseUrl defined but provided url is relative : /types 	1660040015357
USER	scn	START	1660040015357
ERROR	request_2: Failed to build request: No baseUrl defined but provided url is relative : /types 	1660040016366
ERROR	request_3: Failed to build request: No baseUrl defined but provided url is relative : /types 	1660040017381
ERROR	request_4: Failed to build request: No baseUrl defined but provided url is relative : /types 	1660040018389
ERROR	request_5: Failed to build request: No baseUrl defined but provided url is relative : /types 	1660040018389
ERROR	request_6: Failed to build request: No baseUrl defined but provided url is relative : /types 	1660040018390
ERROR	request_7: Failed to build request: No baseUrl defined but provided url is relative : /entities 	1660040018393
ERROR	request_8: Failed to build request: No baseUrl defined but provided url is relative : /entityOperations/upsert 	1660040018393
USER	scn	END	1660040018394
ERROR	request_1: Failed to build request: No baseUrl defined but provided url is relative : /types 	1660040021380
USER	scn	START	1660040021380
ERROR	request_2: Failed to build request: No baseUrl defined but provided url is relative : /types 	1660040022387
ERROR	request_3: Failed to build request: No baseUrl defined but provided url is relative : /types 	1660040023394
ERROR	request_4: Failed to build request: No baseUrl defined but provided url is relative : /types 	1660040024406
ERROR	request_5: Failed to build request: No baseUrl defined but provided url is relative : /types 	1660040024406
ERROR	request_6: Failed to build request: No baseUrl defined but provided url is relative : /types 	1660040024408
ERROR	request_7: Failed to build request: No baseUrl defined but provided url is relative : /entities 	1660040024410
ERROR	request_8: Failed to build request: No baseUrl defined but provided url is relative : /entityOperations/upsert 	1660040024416
USER	scn	END	1660040024417
ERROR	request_1: Failed to build request: No baseUrl defined but provided url is relative : /types 	1660040027358
USER	scn	START	1660040027359
ERROR	request_2: Failed to build request: No baseUrl defined but provided url is relative : /types 	1660040028371
ERROR	request_3: Failed to build request: No baseUrl defined but provided url is relative : /types 	1660040029385
ERROR	request_4: Failed to build request: No baseUrl defined but provided url is relative : /types 	1660040030400
ERROR	request_5: Failed to build request: No baseUrl defined but provided url is relative : /types 	1660040030400
ERROR	request_6: Failed to build request: No baseUrl defined but provided url is relative : /types 	1660040030402
ERROR	request_7: Failed to build request: No baseUrl defined but provided url is relative : /entities 	1660040030403
ERROR	request_8: Failed to build request: No baseUrl defined but provided url is relative : /entityOperations/upsert 	1660040030403
USER	scn	END	1660040030404
ERROR	request_1: Failed to build request: No baseUrl defined but provided url is relative : /types 	1660040033357
USER	scn	START	1660040033358
ERROR	request_2: Failed to build request: No baseUrl defined but provided url is relative : /types 	1660040034368
ERROR	request_3: Failed to build request: No baseUrl defined but provided url is relative : /types 	1660040035382
ERROR	request_4: Failed to build request: No baseUrl defined but provided url is relative : /types 	1660040036394
ERROR	request_5: Failed to build request: No baseUrl defined but provided url is relative : /types 	1660040036395
ERROR	request_6: Failed to build request: No baseUrl defined but provided url is relative : /types 	1660040036396
ERROR	request_7: Failed to build request: No baseUrl defined but provided url is relative : /entities 	1660040036398
ERROR	request_8: Failed to build request: No baseUrl defined but provided url is relative : /entityOperations/upsert 	1660040036398
USER	scn	END	1660040036399
ERROR	request_1: Failed to build request: No baseUrl defined but provided url is relative : /types 	1660040039371
USER	scn	START	1660040039372
ERROR	request_2: Failed to build request: No baseUrl defined but provided url is relative : /types 	1660040040380
ERROR	request_3: Failed to build request: No baseUrl defined but provided url is relative : /types 	1660040041393
ERROR	request_4: Failed to build request: No baseUrl defined but provided url is relative : /types 	1660040042410
ERROR	request_5: Failed to build request: No baseUrl defined but provided url is relative : /types 	1660040042410
ERROR	request_6: Failed to build request: No baseUrl defined but provided url is relative : /types 	1660040042411
ERROR	request_7: Failed to build request: No baseUrl defined but provided url is relative : /entities 	1660040042413
ERROR	request_8: Failed to build request: No baseUrl defined but provided url is relative : /entityOperations/upsert 	1660040042414
USER	scn	END	1660040042414
ERROR	request_1: Failed to build request: No baseUrl defined but provided url is relative : /types 	1660040045378
USER	scn	START	1660040045379
ERROR	request_2: Failed to build request: No baseUrl defined but provided url is relative : /types 	1660040046390
ERROR	request_3: Failed to build request: No baseUrl defined but provided url is relative : /types 	1660040047406
ERROR	request_4: Failed to build request: No baseUrl defined but provided url is relative : /types 	1660040048417
ERROR	request_5: Failed to build request: No baseUrl defined but provided url is relative : /types 	1660040048417
ERROR	request_6: Failed to build request: No baseUrl defined but provided url is relative : /types 	1660040048419
ERROR	request_7: Failed to build request: No baseUrl defined but provided url is relative : /entities 	1660040048421
ERROR	request_8: Failed to build request: No baseUrl defined but provided url is relative : /entityOperations/upsert 	1660040048421
USER	scn	END	1660040048422
ERROR	request_1: Failed to build request: No baseUrl defined but provided url is relative : /types 	1660040051378
USER	scn	START	1660040051379
ERROR	request_2: Failed to build request: No baseUrl defined but provided url is relative : /types 	1660040052389
ERROR	request_3: Failed to build request: No baseUrl defined but provided url is relative : /types 	1660040053398
ERROR	request_4: Failed to build request: No baseUrl defined but provided url is relative : /types 	1660040054410
ERROR	request_5: Failed to build request: No baseUrl defined but provided url is relative : /types 	1660040054411
ERROR	request_6: Failed to build request: No baseUrl defined but provided url is relative : /types 	1660040054412
ERROR	request_7: Failed to build request: No baseUrl defined but provided url is relative : /entities 	1660040054414
ERROR	request_8: Failed to build request: No baseUrl defined but provided url is relative : /entityOperations/upsert 	1660040054414
USER	scn	END	1660040054415
ERROR	request_1: Failed to build request: No baseUrl defined but provided url is relative : /types 	1660040057357
USER	scn	START	1660040057358
ERROR	request_2: Failed to build request: No baseUrl defined but provided url is relative : /types 	1660040058371
ERROR	request_3: Failed to build request: No baseUrl defined but provided url is relative : /types 	1660040059385
ERROR	request_4: Failed to build request: No baseUrl defined but provided url is relative : /types 	1660040060395
ERROR	request_5: Failed to build request: No baseUrl defined but provided url is relative : /types 	1660040060396
ERROR	request_6: Failed to build request: No baseUrl defined but provided url is relative : /types 	1660040060397
ERROR	request_7: Failed to build request: No baseUrl defined but provided url is relative : /entities 	1660040060399
ERROR	request_8: Failed to build request: No baseUrl defined but provided url is relative : /entityOperations/upsert 	1660040060399
USER	scn	END	1660040060400
ERROR	request_1: Failed to build request: No baseUrl defined but provided url is relative : /types 	1660040063359
USER	scn	START	1660040063360
ERROR	request_2: Failed to build request: No baseUrl defined but provided url is relative : /types 	1660040064361
ERROR	request_3: Failed to build request: No baseUrl defined but provided url is relative : /types 	1660040065370
ERROR	request_4: Failed to build request: No baseUrl defined but provided url is relative : /types 	1660040066379
ERROR	request_5: Failed to build request: No baseUrl defined but provided url is relative : /types 	1660040066379
ERROR	request_6: Failed to build request: No baseUrl defined but provided url is relative : /types 	1660040066380
ERROR	request_7: Failed to build request: No baseUrl defined but provided url is relative : /entities 	1660040066380
ERROR	request_8: Failed to build request: No baseUrl defined but provided url is relative : /entityOperations/upsert 	1660040066380
USER	scn	END	1660040066381
ERROR	request_1: Failed to build request: No baseUrl defined but provided url is relative : /types 	1660040069376
USER	scn	START	1660040069376
ERROR	request_2: Failed to build request: No baseUrl defined but provided url is relative : /types 	1660040070381
ERROR	request_3: Failed to build request: No baseUrl defined but provided url is relative : /types 	1660040071388
ERROR	request_4: Failed to build request: No baseUrl defined but provided url is relative : /types 	1660040072404
ERROR	request_5: Failed to build request: No baseUrl defined but provided url is relative : /types 	1660040072404
ERROR	request_6: Failed to build request: No baseUrl defined but provided url is relative : /types 	1660040072406
ERROR	request_7: Failed to build request: No baseUrl defined but provided url is relative : /entities 	1660040072407
ERROR	request_8: Failed to build request: No baseUrl defined but provided url is relative : /entityOperations/upsert 	1660040072408
USER	scn	END	1660040072408
ERROR	request_1: Failed to build request: No baseUrl defined but provided url is relative : /types 	1660040075361
USER	scn	START	1660040075362
ERROR	request_2: Failed to build request: No baseUrl defined but provided url is relative : /types 	1660040076370
ERROR	request_3: Failed to build request: No baseUrl defined but provided url is relative : /types 	1660040077374
ERROR	request_4: Failed to build request: No baseUrl defined but provided url is relative : /types 	1660040078380
ERROR	request_5: Failed to build request: No baseUrl defined but provided url is relative : /types 	1660040078381
ERROR	request_6: Failed to build request: No baseUrl defined but provided url is relative : /types 	1660040078382
ERROR	request_7: Failed to build request: No baseUrl defined but provided url is relative : /entities 	1660040078384
ERROR	request_8: Failed to build request: No baseUrl defined but provided url is relative : /entityOperations/upsert 	1660040078384
USER	scn	END	1660040078385
ERROR	request_1: Failed to build request: No baseUrl defined but provided url is relative : /types 	1660040081369
USER	scn	START	1660040081373
ERROR	request_2: Failed to build request: No baseUrl defined but provided url is relative : /types 	1660040082374
ERROR	request_3: Failed to build request: No baseUrl defined but provided url is relative : /types 	1660040083388
ERROR	request_4: Failed to build request: No baseUrl defined but provided url is relative : /types 	1660040084402
ERROR	request_5: Failed to build request: No baseUrl defined but provided url is relative : /types 	1660040084403
ERROR	request_6: Failed to build request: No baseUrl defined but provided url is relative : /types 	1660040084404
ERROR	request_7: Failed to build request: No baseUrl defined but provided url is relative : /entities 	1660040084406
ERROR	request_8: Failed to build request: No baseUrl defined but provided url is relative : /entityOperations/upsert 	1660040084406
USER	scn	END	1660040084407
ERROR	request_1: Failed to build request: No baseUrl defined but provided url is relative : /types 	1660040087365
USER	scn	START	1660040087365
ERROR	request_2: Failed to build request: No baseUrl defined but provided url is relative : /types 	1660040088379
ERROR	request_3: Failed to build request: No baseUrl defined but provided url is relative : /types 	1660040089395
ERROR	request_4: Failed to build request: No baseUrl defined but provided url is relative : /types 	1660040090407
ERROR	request_5: Failed to build request: No baseUrl defined but provided url is relative : /types 	1660040090407
ERROR	request_6: Failed to build request: No baseUrl defined but provided url is relative : /types 	1660040090408
ERROR	request_7: Failed to build request: No baseUrl defined but provided url is relative : /entities 	1660040090410
ERROR	request_8: Failed to build request: No baseUrl defined but provided url is relative : /entityOperations/upsert 	1660040090411
USER	scn	END	1660040090411
ERROR	request_1: Failed to build request: No baseUrl defined but provided url is relative : /types 	1660040093367
USER	scn	START	1660040093367
ERROR	request_2: Failed to build request: No baseUrl defined but provided url is relative : /types 	1660040094368
ERROR	request_3: Failed to build request: No baseUrl defined but provided url is relative : /types 	1660040095380
ERROR	request_4: Failed to build request: No baseUrl defined but provided url is relative : /types 	1660040096396
ERROR	request_5: Failed to build request: No baseUrl defined but provided url is relative : /types 	1660040096396
ERROR	request_6: Failed to build request: No baseUrl defined but provided url is relative : /types 	1660040096400
ERROR	request_7: Failed to build request: No baseUrl defined but provided url is relative : /entities 	1660040096400
ERROR	request_8: Failed to build request: No baseUrl defined but provided url is relative : /entityOperations/upsert 	1660040096400
USER	scn	END	1660040096401
ERROR	request_1: Failed to build request: No baseUrl defined but provided url is relative : /types 	1660040099373
USER	scn	START	1660040099373
ERROR	request_2: Failed to build request: No baseUrl defined but provided url is relative : /types 	1660040100376
ERROR	request_3: Failed to build request: No baseUrl defined but provided url is relative : /types 	1660040101385
ERROR	request_4: Failed to build request: No baseUrl defined but provided url is relative : /types 	1660040102388
ERROR	request_5: Failed to build request: No baseUrl defined but provided url is relative : /types 	1660040102388
ERROR	request_6: Failed to build request: No baseUrl defined but provided url is relative : /types 	1660040102390
ERROR	request_7: Failed to build request: No baseUrl defined but provided url is relative : /entities 	1660040102390
ERROR	request_8: Failed to build request: No baseUrl defined but provided url is relative : /entityOperations/upsert 	1660040102391
USER	scn	END	1660040102392
ERROR	request_1: Failed to build request: No baseUrl defined but provided url is relative : /types 	1660040105366
USER	scn	START	1660040105367
ERROR	request_2: Failed to build request: No baseUrl defined but provided url is relative : /types 	1660040106375
ERROR	request_3: Failed to build request: No baseUrl defined but provided url is relative : /types 	1660040107387
ERROR	request_4: Failed to build request: No baseUrl defined but provided url is relative : /types 	1660040108401
ERROR	request_5: Failed to build request: No baseUrl defined but provided url is relative : /types 	1660040108401
ERROR	request_6: Failed to build request: No baseUrl defined but provided url is relative : /types 	1660040108402
ERROR	request_7: Failed to build request: No baseUrl defined but provided url is relative : /entities 	1660040108404
ERROR	request_8: Failed to build request: No baseUrl defined but provided url is relative : /entityOperations/upsert 	1660040108404
USER	scn	END	1660040108405
ERROR	request_1: Failed to build request: No baseUrl defined but provided url is relative : /types 	1660040111358
USER	scn	START	1660040111358
ERROR	request_2: Failed to build request: No baseUrl defined but provided url is relative : /types 	1660040112359
ERROR	request_3: Failed to build request: No baseUrl defined but provided url is relative : /types 	1660040113369
ERROR	request_4: Failed to build request: No baseUrl defined but provided url is relative : /types 	1660040114382
ERROR	request_5: Failed to build request: No baseUrl defined but provided url is relative : /types 	1660040114382
ERROR	request_6: Failed to build request: No baseUrl defined but provided url is relative : /types 	1660040114383
ERROR	request_7: Failed to build request: No baseUrl defined but provided url is relative : /entities 	1660040114384
ERROR	request_8: Failed to build request: No baseUrl defined but provided url is relative : /entityOperations/upsert 	1660040114385
USER	scn	END	1660040114385
ERROR	request_1: Failed to build request: No baseUrl defined but provided url is relative : /types 	1660040117358
USER	scn	START	1660040117358
ERROR	request_2: Failed to build request: No baseUrl defined but provided url is relative : /types 	1660040118368
ERROR	request_3: Failed to build request: No baseUrl defined but provided url is relative : /types 	1660040119381
ERROR	request_4: Failed to build request: No baseUrl defined but provided url is relative : /types 	1660040120392
ERROR	request_5: Failed to build request: No baseUrl defined but provided url is relative : /types 	1660040120392
ERROR	request_6: Failed to build request: No baseUrl defined but provided url is relative : /types 	1660040120394
ERROR	request_7: Failed to build request: No baseUrl defined but provided url is relative : /entities 	1660040120396
ERROR	request_8: Failed to build request: No baseUrl defined but provided url is relative : /entityOperations/upsert 	1660040120397
USER	scn	END	1660040120397
ERROR	request_1: Failed to build request: No baseUrl defined but provided url is relative : /types 	1660040123372
USER	scn	START	1660040123373
ERROR	request_2: Failed to build request: No baseUrl defined but provided url is relative : /types 	1660040124382
ERROR	request_3: Failed to build request: No baseUrl defined but provided url is relative : /types 	1660040127369
ERROR	request_4: Failed to build request: No baseUrl defined but provided url is relative : /types 	1660040128376
ERROR	request_1: Failed to build request: No baseUrl defined but provided url is relative : /types 	1660040129368
ERROR	request_1: Failed to build request: No baseUrl defined but provided url is relative : /types 	1660040135377
ERROR	request_5: Failed to build request: No baseUrl defined but provided url is relative : /types 	1660040139267
USER	scn	START	1660040139274
USER	scn	START	1660040139274
ERROR	request_6: Failed to build request: No baseUrl defined but provided url is relative : /types 	1660040139274
ERROR	request_7: Failed to build request: No baseUrl defined but provided url is relative : /entities 	1660040139276
ERROR	request_8: Failed to build request: No baseUrl defined but provided url is relative : /entityOperations/upsert 	1660040139276
USER	scn	END	1660040139276
ERROR	request_2: Failed to build request: No baseUrl defined but provided url is relative : /types 	1660040140274
ERROR	request_2: Failed to build request: No baseUrl defined but provided url is relative : /types 	1660040140274
ERROR	request_3: Failed to build request: No baseUrl defined but provided url is relative : /types 	1660040141287
ERROR	request_3: Failed to build request: No baseUrl defined but provided url is relative : /types 	1660040141287
ERROR	request_1: Failed to build request: No baseUrl defined but provided url is relative : /types 	1660040141365
USER	scn	START	1660040143427
ERROR	request_2: Failed to build request: No baseUrl defined but provided url is relative : /types 	1660040144436
ERROR	request_4: Failed to build request: No baseUrl defined but provided url is relative : /types 	1660040144436
ERROR	request_4: Failed to build request: No baseUrl defined but provided url is relative : /types 	1660040144436
ERROR	request_5: Failed to build request: No baseUrl defined but provided url is relative : /types 	1660040144436
ERROR	request_5: Failed to build request: No baseUrl defined but provided url is relative : /types 	1660040144438
ERROR	request_6: Failed to build request: No baseUrl defined but provided url is relative : /types 	1660040144440
ERROR	request_6: Failed to build request: No baseUrl defined but provided url is relative : /types 	1660040144440
ERROR	request_7: Failed to build request: No baseUrl defined but provided url is relative : /entities 	1660040144441
ERROR	request_7: Failed to build request: No baseUrl defined but provided url is relative : /entities 	1660040144441
ERROR	request_8: Failed to build request: No baseUrl defined but provided url is relative : /entityOperations/upsert 	1660040144441
ERROR	request_8: Failed to build request: No baseUrl defined but provided url is relative : /entityOperations/upsert 	1660040144442
USER	scn	END	1660040144442
USER	scn	END	1660040144443
ERROR	request_3: Failed to build request: No baseUrl defined but provided url is relative : /types 	1660040145450
ERROR	request_4: Failed to build request: No baseUrl defined but provided url is relative : /types 	1660040146464
ERROR	request_5: Failed to build request: No baseUrl defined but provided url is relative : /types 	1660040146464
ERROR	request_6: Failed to build request: No baseUrl defined but provided url is relative : /types 	1660040146466
ERROR	request_7: Failed to build request: No baseUrl defined but provided url is relative : /entities 	1660040146468
ERROR	request_8: Failed to build request: No baseUrl defined but provided url is relative : /entityOperations/upsert 	1660040146468
USER	scn	END	1660040146469
ERROR	request_1: Failed to build request: No baseUrl defined but provided url is relative : /types 	1660040147359
USER	scn	START	1660040147359
ERROR	request_2: Failed to build request: No baseUrl defined but provided url is relative : /types 	1660040148367
ERROR	request_3: Failed to build request: No baseUrl defined but provided url is relative : /types 	1660040149383
ERROR	request_4: Failed to build request: No baseUrl defined but provided url is relative : /types 	1660040150389
ERROR	request_5: Failed to build request: No baseUrl defined but provided url is relative : /types 	1660040150389
ERROR	request_6: Failed to build request: No baseUrl defined but provided url is relative : /types 	1660040150391
ERROR	request_7: Failed to build request: No baseUrl defined but provided url is relative : /entities 	1660040150391
ERROR	request_8: Failed to build request: No baseUrl defined but provided url is relative : /entityOperations/upsert 	1660040150393
USER	scn	END	1660040150394
ERROR	request_1: Failed to build request: No baseUrl defined but provided url is relative : /types 	1660040153370
USER	scn	START	1660040153370
ERROR	request_2: Failed to build request: No baseUrl defined but provided url is relative : /types 	1660040154378
ERROR	request_3: Failed to build request: No baseUrl defined but provided url is relative : /types 	1660040155388
ERROR	request_4: Failed to build request: No baseUrl defined but provided url is relative : /types 	1660040156394
ERROR	request_5: Failed to build request: No baseUrl defined but provided url is relative : /types 	1660040156394
ERROR	request_6: Failed to build request: No baseUrl defined but provided url is relative : /types 	1660040156395
ERROR	request_7: Failed to build request: No baseUrl defined but provided url is relative : /entities 	1660040156395
ERROR	request_8: Failed to build request: No baseUrl defined but provided url is relative : /entityOperations/upsert 	1660040156397
USER	scn	END	1660040156398
ERROR	request_1: Failed to build request: No baseUrl defined but provided url is relative : /types 	1660040159366
USER	scn	START	1660040159367
ERROR	request_2: Failed to build request: No baseUrl defined but provided url is relative : /types 	1660040160382
ERROR	request_3: Failed to build request: No baseUrl defined but provided url is relative : /types 	1660040161385
ERROR	request_4: Failed to build request: No baseUrl defined but provided url is relative : /types 	1660040162394
ERROR	request_5: Failed to build request: No baseUrl defined but provided url is relative : /types 	1660040162394
ERROR	request_6: Failed to build request: No baseUrl defined but provided url is relative : /types 	1660040162395
ERROR	request_7: Failed to build request: No baseUrl defined but provided url is relative : /entities 	1660040162397
ERROR	request_8: Failed to build request: No baseUrl defined but provided url is relative : /entityOperations/upsert 	1660040162397
USER	scn	END	1660040162398
ERROR	request_1: Failed to build request: No baseUrl defined but provided url is relative : /types 	1660040165366
USER	scn	START	1660040165367
ERROR	request_2: Failed to build request: No baseUrl defined but provided url is relative : /types 	1660040166382
ERROR	request_3: Failed to build request: No baseUrl defined but provided url is relative : /types 	1660040167398
ERROR	request_4: Failed to build request: No baseUrl defined but provided url is relative : /types 	1660040168408
ERROR	request_5: Failed to build request: No baseUrl defined but provided url is relative : /types 	1660040168409
ERROR	request_6: Failed to build request: No baseUrl defined but provided url is relative : /types 	1660040168410
ERROR	request_7: Failed to build request: No baseUrl defined but provided url is relative : /entities 	1660040168412
ERROR	request_8: Failed to build request: No baseUrl defined but provided url is relative : /entityOperations/upsert 	1660040168412
USER	scn	END	1660040168413
ERROR	request_1: Failed to build request: No baseUrl defined but provided url is relative : /types 	1660040171375
USER	scn	START	1660040171375
ERROR	request_2: Failed to build request: No baseUrl defined but provided url is relative : /types 	1660040172389
ERROR	request_3: Failed to build request: No baseUrl defined but provided url is relative : /types 	1660040173396
ERROR	request_4: Failed to build request: No baseUrl defined but provided url is relative : /types 	1660040174403
ERROR	request_5: Failed to build request: No baseUrl defined but provided url is relative : /types 	1660040174404
ERROR	request_6: Failed to build request: No baseUrl defined but provided url is relative : /types 	1660040174406
ERROR	request_7: Failed to build request: No baseUrl defined but provided url is relative : /entities 	1660040174408
ERROR	request_8: Failed to build request: No baseUrl defined but provided url is relative : /entityOperations/upsert 	1660040174408
USER	scn	END	1660040174409
ERROR	request_1: Failed to build request: No baseUrl defined but provided url is relative : /types 	1660040177374
USER	scn	START	1660040177374
ERROR	request_2: Failed to build request: No baseUrl defined but provided url is relative : /types 	1660040178382
ERROR	request_3: Failed to build request: No baseUrl defined but provided url is relative : /types 	1660040179395
ERROR	request_4: Failed to build request: No baseUrl defined but provided url is relative : /types 	1660040180402
ERROR	request_5: Failed to build request: No baseUrl defined but provided url is relative : /types 	1660040180403
ERROR	request_6: Failed to build request: No baseUrl defined but provided url is relative : /types 	1660040180404
ERROR	request_7: Failed to build request: No baseUrl defined but provided url is relative : /entities 	1660040180406
ERROR	request_8: Failed to build request: No baseUrl defined but provided url is relative : /entityOperations/upsert 	1660040180406
USER	scn	END	1660040180407
ERROR	request_1: Failed to build request: No baseUrl defined but provided url is relative : /types 	1660040183366
USER	scn	START	1660040183366
ERROR	request_2: Failed to build request: No baseUrl defined but provided url is relative : /types 	1660040184377
ERROR	request_3: Failed to build request: No baseUrl defined but provided url is relative : /types 	1660040185389
ERROR	request_4: Failed to build request: No baseUrl defined but provided url is relative : /types 	1660040186403
ERROR	request_5: Failed to build request: No baseUrl defined but provided url is relative : /types 	1660040186403
ERROR	request_6: Failed to build request: No baseUrl defined but provided url is relative : /types 	1660040186405
ERROR	request_7: Failed to build request: No baseUrl defined but provided url is relative : /entities 	1660040186405
ERROR	request_8: Failed to build request: No baseUrl defined but provided url is relative : /entityOperations/upsert 	1660040186407
USER	scn	END	1660040186407
ERROR	request_1: Failed to build request: No baseUrl defined but provided url is relative : /types 	1660040189377
USER	scn	START	1660040189377
ERROR	request_2: Failed to build request: No baseUrl defined but provided url is relative : /types 	1660040190390
ERROR	request_3: Failed to build request: No baseUrl defined but provided url is relative : /types 	1660040191403
ERROR	request_4: Failed to build request: No baseUrl defined but provided url is relative : /types 	1660040192417
ERROR	request_5: Failed to build request: No baseUrl defined but provided url is relative : /types 	1660040192417
ERROR	request_6: Failed to build request: No baseUrl defined but provided url is relative : /types 	1660040192418
ERROR	request_7: Failed to build request: No baseUrl defined but provided url is relative : /entities 	1660040192420
ERROR	request_8: Failed to build request: No baseUrl defined but provided url is relative : /entityOperations/upsert 	1660040192420
USER	scn	END	1660040192421
ERROR	request_1: Failed to build request: No baseUrl defined but provided url is relative : /types 	1660040195361
USER	scn	START	1660040195361
ERROR	request_2: Failed to build request: No baseUrl defined but provided url is relative : /types 	1660040196373
ERROR	request_3: Failed to build request: No baseUrl defined but provided url is relative : /types 	1660040197387
ERROR	request_4: Failed to build request: No baseUrl defined but provided url is relative : /types 	1660040198402
ERROR	request_5: Failed to build request: No baseUrl defined but provided url is relative : /types 	1660040198402
ERROR	request_6: Failed to build request: No baseUrl defined but provided url is relative : /types 	1660040198404
ERROR	request_7: Failed to build request: No baseUrl defined but provided url is relative : /entities 	1660040198405
ERROR	request_8: Failed to build request: No baseUrl defined but provided url is relative : /entityOperations/upsert 	1660040198405
USER	scn	END	1660040198405
ERROR	request_1: Failed to build request: No baseUrl defined but provided url is relative : /types 	1660040201373
USER	scn	START	1660040201373
ERROR	request_2: Failed to build request: No baseUrl defined but provided url is relative : /types 	1660040202384
ERROR	request_3: Failed to build request: No baseUrl defined but provided url is relative : /types 	1660040203400
ERROR	request_4: Failed to build request: No baseUrl defined but provided url is relative : /types 	1660040204410
ERROR	request_5: Failed to build request: No baseUrl defined but provided url is relative : /types 	1660040204411
ERROR	request_6: Failed to build request: No baseUrl defined but provided url is relative : /types 	1660040204412
ERROR	request_7: Failed to build request: No baseUrl defined but provided url is relative : /entities 	1660040204413
ERROR	request_8: Failed to build request: No baseUrl defined but provided url is relative : /entityOperations/upsert 	1660040204414
USER	scn	END	1660040204414
ERROR	request_1: Failed to build request: No baseUrl defined but provided url is relative : /types 	1660040207369
USER	scn	START	1660040207370
ERROR	request_2: Failed to build request: No baseUrl defined but provided url is relative : /types 	1660040208378
ERROR	request_3: Failed to build request: No baseUrl defined but provided url is relative : /types 	1660040209389
ERROR	request_4: Failed to build request: No baseUrl defined but provided url is relative : /types 	1660040210402
ERROR	request_5: Failed to build request: No baseUrl defined but provided url is relative : /types 	1660040210403
ERROR	request_6: Failed to build request: No baseUrl defined but provided url is relative : /types 	1660040210403
ERROR	request_7: Failed to build request: No baseUrl defined but provided url is relative : /entities 	1660040210404
ERROR	request_8: Failed to build request: No baseUrl defined but provided url is relative : /entityOperations/upsert 	1660040210404
USER	scn	END	1660040210405
ERROR	request_1: Failed to build request: No baseUrl defined but provided url is relative : /types 	1660040213372
USER	scn	START	1660040213372
ERROR	request_2: Failed to build request: No baseUrl defined but provided url is relative : /types 	1660040214383
ERROR	request_3: Failed to build request: No baseUrl defined but provided url is relative : /types 	1660040215388
ERROR	request_4: Failed to build request: No baseUrl defined but provided url is relative : /types 	1660040216401
ERROR	request_5: Failed to build request: No baseUrl defined but provided url is relative : /types 	1660040216401
ERROR	request_6: Failed to build request: No baseUrl defined but provided url is relative : /types 	1660040216402
ERROR	request_7: Failed to build request: No baseUrl defined but provided url is relative : /entities 	1660040216404
ERROR	request_8: Failed to build request: No baseUrl defined but provided url is relative : /entityOperations/upsert 	1660040216404
USER	scn	END	1660040216406
ERROR	request_1: Failed to build request: No baseUrl defined but provided url is relative : /types 	1660040219357
USER	scn	START	1660040219358
ERROR	request_2: Failed to build request: No baseUrl defined but provided url is relative : /types 	1660040220367
ERROR	request_3: Failed to build request: No baseUrl defined but provided url is relative : /types 	1660040221382
ERROR	request_4: Failed to build request: No baseUrl defined but provided url is relative : /types 	1660040222392
ERROR	request_5: Failed to build request: No baseUrl defined but provided url is relative : /types 	1660040222393
ERROR	request_6: Failed to build request: No baseUrl defined but provided url is relative : /types 	1660040222395
ERROR	request_7: Failed to build request: No baseUrl defined but provided url is relative : /entities 	1660040222396
ERROR	request_8: Failed to build request: No baseUrl defined but provided url is relative : /entityOperations/upsert 	1660040222397
USER	scn	END	1660040222397
ERROR	request_1: Failed to build request: No baseUrl defined but provided url is relative : /types 	1660040225369
USER	scn	START	1660040225369
ERROR	request_2: Failed to build request: No baseUrl defined but provided url is relative : /types 	1660040226376
ERROR	request_3: Failed to build request: No baseUrl defined but provided url is relative : /types 	1660040227392
ERROR	request_4: Failed to build request: No baseUrl defined but provided url is relative : /types 	1660040228400
ERROR	request_5: Failed to build request: No baseUrl defined but provided url is relative : /types 	1660040228401
ERROR	request_6: Failed to build request: No baseUrl defined but provided url is relative : /types 	1660040228402
ERROR	request_7: Failed to build request: No baseUrl defined but provided url is relative : /entities 	1660040228404
ERROR	request_8: Failed to build request: No baseUrl defined but provided url is relative : /entityOperations/upsert 	1660040228404
USER	scn	END	1660040228405
ERROR	request_1: Failed to build request: No baseUrl defined but provided url is relative : /types 	1660040231372
USER	scn	START	1660040231372
ERROR	request_2: Failed to build request: No baseUrl defined but provided url is relative : /types 	1660040232378
ERROR	request_3: Failed to build request: No baseUrl defined but provided url is relative : /types 	1660040233392
ERROR	request_4: Failed to build request: No baseUrl defined but provided url is relative : /types 	1660040234402
ERROR	request_5: Failed to build request: No baseUrl defined but provided url is relative : /types 	1660040234402
ERROR	request_6: Failed to build request: No baseUrl defined but provided url is relative : /types 	1660040234404
ERROR	request_7: Failed to build request: No baseUrl defined but provided url is relative : /entities 	1660040234406
ERROR	request_8: Failed to build request: No baseUrl defined but provided url is relative : /entityOperations/upsert 	1660040234406
USER	scn	END	1660040234407
ERROR	request_1: Failed to build request: No baseUrl defined but provided url is relative : /types 	1660040237362
USER	scn	START	1660040237363
ERROR	request_2: Failed to build request: No baseUrl defined but provided url is relative : /types 	1660040238373
ERROR	request_3: Failed to build request: No baseUrl defined but provided url is relative : /types 	1660040239384
ERROR	request_4: Failed to build request: No baseUrl defined but provided url is relative : /types 	1660040240398
ERROR	request_5: Failed to build request: No baseUrl defined but provided url is relative : /types 	1660040240398
ERROR	request_6: Failed to build request: No baseUrl defined but provided url is relative : /types 	1660040240399
ERROR	request_7: Failed to build request: No baseUrl defined but provided url is relative : /entities 	1660040240400
ERROR	request_8: Failed to build request: No baseUrl defined but provided url is relative : /entityOperations/upsert 	1660040240401
USER	scn	END	1660040240402
ERROR	request_1: Failed to build request: No baseUrl defined but provided url is relative : /types 	1660040243359
USER	scn	START	1660040243360
ERROR	request_2: Failed to build request: No baseUrl defined but provided url is relative : /types 	1660040244374
ERROR	request_3: Failed to build request: No baseUrl defined but provided url is relative : /types 	1660040245384
ERROR	request_4: Failed to build request: No baseUrl defined but provided url is relative : /types 	1660040246390
ERROR	request_5: Failed to build request: No baseUrl defined but provided url is relative : /types 	1660040246390
ERROR	request_6: Failed to build request: No baseUrl defined but provided url is relative : /types 	1660040246391
ERROR	request_7: Failed to build request: No baseUrl defined but provided url is relative : /entities 	1660040246392
ERROR	request_8: Failed to build request: No baseUrl defined but provided url is relative : /entityOperations/upsert 	1660040246394
USER	scn	END	1660040246394
ERROR	request_1: Failed to build request: No baseUrl defined but provided url is relative : /types 	1660040249361
USER	scn	START	1660040249361
ERROR	request_2: Failed to build request: No baseUrl defined but provided url is relative : /types 	1660040250372
ERROR	request_3: Failed to build request: No baseUrl defined but provided url is relative : /types 	1660040251382
ERROR	request_4: Failed to build request: No baseUrl defined but provided url is relative : /types 	1660040252394
ERROR	request_5: Failed to build request: No baseUrl defined but provided url is relative : /types 	1660040252395
ERROR	request_6: Failed to build request: No baseUrl defined but provided url is relative : /types 	1660040252396
ERROR	request_7: Failed to build request: No baseUrl defined but provided url is relative : /entities 	1660040252399
ERROR	request_8: Failed to build request: No baseUrl defined but provided url is relative : /entityOperations/upsert 	1660040252399
USER	scn	END	1660040252399
ERROR	request_1: Failed to build request: No baseUrl defined but provided url is relative : /types 	1660040255374
USER	scn	START	1660040255374
ERROR	request_2: Failed to build request: No baseUrl defined but provided url is relative : /types 	1660040256382
ERROR	request_3: Failed to build request: No baseUrl defined but provided url is relative : /types 	1660040257386
ERROR	request_4: Failed to build request: No baseUrl defined but provided url is relative : /types 	1660040258393
ERROR	request_5: Failed to build request: No baseUrl defined but provided url is relative : /types 	1660040258393
ERROR	request_6: Failed to build request: No baseUrl defined but provided url is relative : /types 	1660040258394
ERROR	request_7: Failed to build request: No baseUrl defined but provided url is relative : /entities 	1660040258394
ERROR	request_8: Failed to build request: No baseUrl defined but provided url is relative : /entityOperations/upsert 	1660040258396
USER	scn	END	1660040258397
ERROR	request_1: Failed to build request: No baseUrl defined but provided url is relative : /types 	1660040261360
USER	scn	START	1660040261360
ERROR	request_2: Failed to build request: No baseUrl defined but provided url is relative : /types 	1660040262370
ERROR	request_3: Failed to build request: No baseUrl defined but provided url is relative : /types 	1660040263383
ERROR	request_4: Failed to build request: No baseUrl defined but provided url is relative : /types 	1660040264391
ERROR	request_5: Failed to build request: No baseUrl defined but provided url is relative : /types 	1660040264392
ERROR	request_6: Failed to build request: No baseUrl defined but provided url is relative : /types 	1660040264392
ERROR	request_7: Failed to build request: No baseUrl defined but provided url is relative : /entities 	1660040264393
ERROR	request_8: Failed to build request: No baseUrl defined but provided url is relative : /entityOperations/upsert 	1660040264394
USER	scn	END	1660040264395
ERROR	request_1: Failed to build request: No baseUrl defined but provided url is relative : /types 	1660040267359
USER	scn	START	1660040267360
ERROR	request_2: Failed to build request: No baseUrl defined but provided url is relative : /types 	1660040268373
ERROR	request_3: Failed to build request: No baseUrl defined but provided url is relative : /types 	1660040269387
ERROR	request_4: Failed to build request: No baseUrl defined but provided url is relative : /types 	1660040270400
ERROR	request_5: Failed to build request: No baseUrl defined but provided url is relative : /types 	1660040270401
ERROR	request_6: Failed to build request: No baseUrl defined but provided url is relative : /types 	1660040270404
ERROR	request_7: Failed to build request: No baseUrl defined but provided url is relative : /entities 	1660040270406
ERROR	request_8: Failed to build request: No baseUrl defined but provided url is relative : /entityOperations/upsert 	1660040270407
USER	scn	END	1660040270408
ERROR	request_1: Failed to build request: No baseUrl defined but provided url is relative : /types 	1660040273364
USER	scn	START	1660040273365
ERROR	request_2: Failed to build request: No baseUrl defined but provided url is relative : /types 	1660040274375
ERROR	request_3: Failed to build request: No baseUrl defined but provided url is relative : /types 	1660040275385
ERROR	request_4: Failed to build request: No baseUrl defined but provided url is relative : /types 	1660040276394
ERROR	request_5: Failed to build request: No baseUrl defined but provided url is relative : /types 	1660040276395
ERROR	request_6: Failed to build request: No baseUrl defined but provided url is relative : /types 	1660040276397
ERROR	request_7: Failed to build request: No baseUrl defined but provided url is relative : /entities 	1660040276397
ERROR	request_8: Failed to build request: No baseUrl defined but provided url is relative : /entityOperations/upsert 	1660040276399
USER	scn	END	1660040276400
ERROR	request_1: Failed to build request: No baseUrl defined but provided url is relative : /types 	1660040279358
USER	scn	START	1660040279359
ERROR	request_2: Failed to build request: No baseUrl defined but provided url is relative : /types 	1660040280369
ERROR	request_3: Failed to build request: No baseUrl defined but provided url is relative : /types 	1660040281371
ERROR	request_4: Failed to build request: No baseUrl defined but provided url is relative : /types 	1660040282381
ERROR	request_5: Failed to build request: No baseUrl defined but provided url is relative : /types 	1660040282381
ERROR	request_6: Failed to build request: No baseUrl defined but provided url is relative : /types 	1660040282383
ERROR	request_7: Failed to build request: No baseUrl defined but provided url is relative : /entities 	1660040282384
ERROR	request_8: Failed to build request: No baseUrl defined but provided url is relative : /entityOperations/upsert 	1660040282384
USER	scn	END	1660040282386
ERROR	request_1: Failed to build request: No baseUrl defined but provided url is relative : /types 	1660040285366
USER	scn	START	1660040285367
ERROR	request_2: Failed to build request: No baseUrl defined but provided url is relative : /types 	1660040286370
ERROR	request_3: Failed to build request: No baseUrl defined but provided url is relative : /types 	1660040287382
ERROR	request_4: Failed to build request: No baseUrl defined but provided url is relative : /types 	1660040288391
ERROR	request_5: Failed to build request: No baseUrl defined but provided url is relative : /types 	1660040288392
ERROR	request_6: Failed to build request: No baseUrl defined but provided url is relative : /types 	1660040288393
ERROR	request_7: Failed to build request: No baseUrl defined but provided url is relative : /entities 	1660040288395
ERROR	request_8: Failed to build request: No baseUrl defined but provided url is relative : /entityOperations/upsert 	1660040288395
USER	scn	END	1660040288396
ERROR	request_1: Failed to build request: No baseUrl defined but provided url is relative : /types 	1660040291369
USER	scn	START	1660040291372
ERROR	request_2: Failed to build request: No baseUrl defined but provided url is relative : /types 	1660040292381
ERROR	request_3: Failed to build request: No baseUrl defined but provided url is relative : /types 	1660040293392
ERROR	request_4: Failed to build request: No baseUrl defined but provided url is relative : /types 	1660040294400
ERROR	request_5: Failed to build request: No baseUrl defined but provided url is relative : /types 	1660040294401
ERROR	request_6: Failed to build request: No baseUrl defined but provided url is relative : /types 	1660040294402
ERROR	request_7: Failed to build request: No baseUrl defined but provided url is relative : /entities 	1660040294402
ERROR	request_8: Failed to build request: No baseUrl defined but provided url is relative : /entityOperations/upsert 	1660040294404
USER	scn	END	1660040294404
ERROR	request_1: Failed to build request: No baseUrl defined but provided url is relative : /types 	1660040297369
USER	scn	START	1660040297369
ERROR	request_2: Failed to build request: No baseUrl defined but provided url is relative : /types 	1660040298372
ERROR	request_3: Failed to build request: No baseUrl defined but provided url is relative : /types 	1660040299382
ERROR	request_4: Failed to build request: No baseUrl defined but provided url is relative : /types 	1660040300393
ERROR	request_5: Failed to build request: No baseUrl defined but provided url is relative : /types 	1660040300394
ERROR	request_6: Failed to build request: No baseUrl defined but provided url is relative : /types 	1660040300395
ERROR	request_7: Failed to build request: No baseUrl defined but provided url is relative : /entities 	1660040300397
ERROR	request_8: Failed to build request: No baseUrl defined but provided url is relative : /entityOperations/upsert 	1660040300397
USER	scn	END	1660040300398
ERROR	request_1: Failed to build request: No baseUrl defined but provided url is relative : /types 	1660040303365
USER	scn	START	1660040303366
ERROR	request_2: Failed to build request: No baseUrl defined but provided url is relative : /types 	1660040304375
ERROR	request_3: Failed to build request: No baseUrl defined but provided url is relative : /types 	1660040305390
ERROR	request_4: Failed to build request: No baseUrl defined but provided url is relative : /types 	1660040306399
ERROR	request_5: Failed to build request: No baseUrl defined but provided url is relative : /types 	1660040306400
ERROR	request_6: Failed to build request: No baseUrl defined but provided url is relative : /types 	1660040306403
ERROR	request_7: Failed to build request: No baseUrl defined but provided url is relative : /entities 	1660040306403
ERROR	request_8: Failed to build request: No baseUrl defined but provided url is relative : /entityOperations/upsert 	1660040306404
USER	scn	END	1660040306404
ERROR	request_1: Failed to build request: No baseUrl defined but provided url is relative : /types 	1660040309358
USER	scn	START	1660040309358
ERROR	request_2: Failed to build request: No baseUrl defined but provided url is relative : /types 	1660040310368
ERROR	request_3: Failed to build request: No baseUrl defined but provided url is relative : /types 	1660040311378
ERROR	request_4: Failed to build request: No baseUrl defined but provided url is relative : /types 	1660040312391
ERROR	request_5: Failed to build request: No baseUrl defined but provided url is relative : /types 	1660040312392
ERROR	request_6: Failed to build request: No baseUrl defined but provided url is relative : /types 	1660040312393
ERROR	request_7: Failed to build request: No baseUrl defined but provided url is relative : /entities 	1660040312395
ERROR	request_8: Failed to build request: No baseUrl defined but provided url is relative : /entityOperations/upsert 	1660040312395
USER	scn	END	1660040312396
ERROR	request_1: Failed to build request: No baseUrl defined but provided url is relative : /types 	1660040315362
USER	scn	START	1660040315362
ERROR	request_2: Failed to build request: No baseUrl defined but provided url is relative : /types 	1660040316376
ERROR	request_3: Failed to build request: No baseUrl defined but provided url is relative : /types 	1660040317387
ERROR	request_4: Failed to build request: No baseUrl defined but provided url is relative : /types 	1660040318402
ERROR	request_5: Failed to build request: No baseUrl defined but provided url is relative : /types 	1660040318403
ERROR	request_6: Failed to build request: No baseUrl defined but provided url is relative : /types 	1660040318404
ERROR	request_7: Failed to build request: No baseUrl defined but provided url is relative : /entities 	1660040318404
ERROR	request_8: Failed to build request: No baseUrl defined but provided url is relative : /entityOperations/upsert 	1660040318406
USER	scn	END	1660040318407
ERROR	request_1: Failed to build request: No baseUrl defined but provided url is relative : /types 	1660040321361
USER	scn	START	1660040321361
ERROR	request_2: Failed to build request: No baseUrl defined but provided url is relative : /types 	1660040322367
ERROR	request_3: Failed to build request: No baseUrl defined but provided url is relative : /types 	1660040323379
ERROR	request_4: Failed to build request: No baseUrl defined but provided url is relative : /types 	1660040324386
ERROR	request_5: Failed to build request: No baseUrl defined but provided url is relative : /types 	1660040324387
ERROR	request_6: Failed to build request: No baseUrl defined but provided url is relative : /types 	1660040324388
ERROR	request_7: Failed to build request: No baseUrl defined but provided url is relative : /entities 	1660040324388
ERROR	request_8: Failed to build request: No baseUrl defined but provided url is relative : /entityOperations/upsert 	1660040324390
USER	scn	END	1660040324391
ERROR	request_1: Failed to build request: No baseUrl defined but provided url is relative : /types 	1660040327370
USER	scn	START	1660040327371
ERROR	request_2: Failed to build request: No baseUrl defined but provided url is relative : /types 	1660040328382
ERROR	request_3: Failed to build request: No baseUrl defined but provided url is relative : /types 	1660040329395
ERROR	request_4: Failed to build request: No baseUrl defined but provided url is relative : /types 	1660040330406
ERROR	request_5: Failed to build request: No baseUrl defined but provided url is relative : /types 	1660040330407
ERROR	request_6: Failed to build request: No baseUrl defined but provided url is relative : /types 	1660040330408
ERROR	request_7: Failed to build request: No baseUrl defined but provided url is relative : /entities 	1660040330409
ERROR	request_8: Failed to build request: No baseUrl defined but provided url is relative : /entityOperations/upsert 	1660040330410
USER	scn	END	1660040330411
ERROR	request_1: Failed to build request: No baseUrl defined but provided url is relative : /types 	1660040333389
USER	scn	START	1660040333389
ERROR	request_2: Failed to build request: No baseUrl defined but provided url is relative : /types 	1660040334400
ERROR	request_3: Failed to build request: No baseUrl defined but provided url is relative : /types 	1660040335410
ERROR	request_4: Failed to build request: No baseUrl defined but provided url is relative : /types 	1660040336421
ERROR	request_5: Failed to build request: No baseUrl defined but provided url is relative : /types 	1660040336421
ERROR	request_6: Failed to build request: No baseUrl defined but provided url is relative : /types 	1660040336423
ERROR	request_7: Failed to build request: No baseUrl defined but provided url is relative : /entities 	1660040336424
ERROR	request_8: Failed to build request: No baseUrl defined but provided url is relative : /entityOperations/upsert 	1660040336425
USER	scn	END	1660040336425
ERROR	request_1: Failed to build request: No baseUrl defined but provided url is relative : /types 	1660040339358
USER	scn	START	1660040339358
ERROR	request_2: Failed to build request: No baseUrl defined but provided url is relative : /types 	1660040340372
ERROR	request_3: Failed to build request: No baseUrl defined but provided url is relative : /types 	1660040341381
ERROR	request_4: Failed to build request: No baseUrl defined but provided url is relative : /types 	1660040342394
ERROR	request_5: Failed to build request: No baseUrl defined but provided url is relative : /types 	1660040342394
ERROR	request_6: Failed to build request: No baseUrl defined but provided url is relative : /types 	1660040342395
ERROR	request_7: Failed to build request: No baseUrl defined but provided url is relative : /entities 	1660040342395
ERROR	request_8: Failed to build request: No baseUrl defined but provided url is relative : /entityOperations/upsert 	1660040342397
USER	scn	END	1660040342397
ERROR	request_1: Failed to build request: No baseUrl defined but provided url is relative : /types 	1660040345366
USER	scn	START	1660040345366
ERROR	request_2: Failed to build request: No baseUrl defined but provided url is relative : /types 	1660040346377
ERROR	request_3: Failed to build request: No baseUrl defined but provided url is relative : /types 	1660040347390
ERROR	request_4: Failed to build request: No baseUrl defined but provided url is relative : /types 	1660040348404
ERROR	request_5: Failed to build request: No baseUrl defined but provided url is relative : /types 	1660040348404
ERROR	request_6: Failed to build request: No baseUrl defined but provided url is relative : /types 	1660040348407
ERROR	request_7: Failed to build request: No baseUrl defined but provided url is relative : /entities 	1660040348407
ERROR	request_8: Failed to build request: No baseUrl defined but provided url is relative : /entityOperations/upsert 	1660040348407
USER	scn	END	1660040348408
ERROR	request_1: Failed to build request: No baseUrl defined but provided url is relative : /types 	1660040351360
USER	scn	START	1660040351360
ERROR	request_2: Failed to build request: No baseUrl defined but provided url is relative : /types 	1660040352372
ERROR	request_3: Failed to build request: No baseUrl defined but provided url is relative : /types 	1660040353385
ERROR	request_4: Failed to build request: No baseUrl defined but provided url is relative : /types 	1660040354395
ERROR	request_5: Failed to build request: No baseUrl defined but provided url is relative : /types 	1660040354396
ERROR	request_6: Failed to build request: No baseUrl defined but provided url is relative : /types 	1660040354397
ERROR	request_7: Failed to build request: No baseUrl defined but provided url is relative : /entities 	1660040354398
ERROR	request_8: Failed to build request: No baseUrl defined but provided url is relative : /entityOperations/upsert 	1660040354399
USER	scn	END	1660040354399
ERROR	request_1: Failed to build request: No baseUrl defined but provided url is relative : /types 	1660040357369
USER	scn	START	1660040357370
ERROR	request_2: Failed to build request: No baseUrl defined but provided url is relative : /types 	1660040358384
ERROR	request_3: Failed to build request: No baseUrl defined but provided url is relative : /types 	1660040359396
ERROR	request_4: Failed to build request: No baseUrl defined but provided url is relative : /types 	1660040360403
ERROR	request_5: Failed to build request: No baseUrl defined but provided url is relative : /types 	1660040360403
ERROR	request_6: Failed to build request: No baseUrl defined but provided url is relative : /types 	1660040360405
ERROR	request_7: Failed to build request: No baseUrl defined but provided url is relative : /entities 	1660040360406
ERROR	request_8: Failed to build request: No baseUrl defined but provided url is relative : /entityOperations/upsert 	1660040360407
USER	scn	END	1660040360407
ERROR	request_1: Failed to build request: No baseUrl defined but provided url is relative : /types 	1660040363363
USER	scn	START	1660040363363
ERROR	request_2: Failed to build request: No baseUrl defined but provided url is relative : /types 	1660040364374
ERROR	request_3: Failed to build request: No baseUrl defined but provided url is relative : /types 	1660040365387
ERROR	request_4: Failed to build request: No baseUrl defined but provided url is relative : /types 	1660040366399
ERROR	request_5: Failed to build request: No baseUrl defined but provided url is relative : /types 	1660040366399
ERROR	request_6: Failed to build request: No baseUrl defined but provided url is relative : /types 	1660040366401
ERROR	request_7: Failed to build request: No baseUrl defined but provided url is relative : /entities 	1660040366402
ERROR	request_8: Failed to build request: No baseUrl defined but provided url is relative : /entityOperations/upsert 	1660040366403
USER	scn	END	1660040366403
ERROR	request_1: Failed to build request: No baseUrl defined but provided url is relative : /types 	1660040369372
USER	scn	START	1660040369372
ERROR	request_2: Failed to build request: No baseUrl defined but provided url is relative : /types 	1660040370378
ERROR	request_3: Failed to build request: No baseUrl defined but provided url is relative : /types 	1660040371387
ERROR	request_4: Failed to build request: No baseUrl defined but provided url is relative : /types 	1660040372400
ERROR	request_5: Failed to build request: No baseUrl defined but provided url is relative : /types 	1660040372401
ERROR	request_6: Failed to build request: No baseUrl defined but provided url is relative : /types 	1660040372402
ERROR	request_7: Failed to build request: No baseUrl defined but provided url is relative : /entities 	1660040372403
ERROR	request_8: Failed to build request: No baseUrl defined but provided url is relative : /entityOperations/upsert 	1660040372404
USER	scn	END	1660040372404
ERROR	request_1: Failed to build request: No baseUrl defined but provided url is relative : /types 	1660040375362
USER	scn	START	1660040375363
ERROR	request_2: Failed to build request: No baseUrl defined but provided url is relative : /types 	1660040376370
ERROR	request_3: Failed to build request: No baseUrl defined but provided url is relative : /types 	1660040377381
ERROR	request_4: Failed to build request: No baseUrl defined but provided url is relative : /types 	1660040378392
ERROR	request_5: Failed to build request: No baseUrl defined but provided url is relative : /types 	1660040378393
ERROR	request_6: Failed to build request: No baseUrl defined but provided url is relative : /types 	1660040378394
ERROR	request_7: Failed to build request: No baseUrl defined but provided url is relative : /entities 	1660040378395
ERROR	request_8: Failed to build request: No baseUrl defined but provided url is relative : /entityOperations/upsert 	1660040378395
USER	scn	END	1660040378396
ERROR	request_1: Failed to build request: No baseUrl defined but provided url is relative : /types 	1660040381364
USER	scn	START	1660040381365
ERROR	request_2: Failed to build request: No baseUrl defined but provided url is relative : /types 	1660040382378
ERROR	request_3: Failed to build request: No baseUrl defined but provided url is relative : /types 	1660040383388
ERROR	request_4: Failed to build request: No baseUrl defined but provided url is relative : /types 	1660040384398
ERROR	request_5: Failed to build request: No baseUrl defined but provided url is relative : /types 	1660040384399
ERROR	request_6: Failed to build request: No baseUrl defined but provided url is relative : /types 	1660040384400
ERROR	request_7: Failed to build request: No baseUrl defined but provided url is relative : /entities 	1660040384401
ERROR	request_8: Failed to build request: No baseUrl defined but provided url is relative : /entityOperations/upsert 	1660040384401
USER	scn	END	1660040384402
ERROR	request_1: Failed to build request: No baseUrl defined but provided url is relative : /types 	1660040387367
USER	scn	START	1660040387367
ERROR	request_2: Failed to build request: No baseUrl defined but provided url is relative : /types 	1660040388373
ERROR	request_3: Failed to build request: No baseUrl defined but provided url is relative : /types 	1660040389382
ERROR	request_4: Failed to build request: No baseUrl defined but provided url is relative : /types 	1660040390394
ERROR	request_5: Failed to build request: No baseUrl defined but provided url is relative : /types 	1660040390394
ERROR	request_6: Failed to build request: No baseUrl defined but provided url is relative : /types 	1660040390395
ERROR	request_7: Failed to build request: No baseUrl defined but provided url is relative : /entities 	1660040390397
ERROR	request_8: Failed to build request: No baseUrl defined but provided url is relative : /entityOperations/upsert 	1660040390397
USER	scn	END	1660040390398
ERROR	request_1: Failed to build request: No baseUrl defined but provided url is relative : /types 	1660040393370
USER	scn	START	1660040393370
ERROR	request_2: Failed to build request: No baseUrl defined but provided url is relative : /types 	1660040394375
ERROR	request_3: Failed to build request: No baseUrl defined but provided url is relative : /types 	1660040395384
ERROR	request_4: Failed to build request: No baseUrl defined but provided url is relative : /types 	1660040396395
ERROR	request_5: Failed to build request: No baseUrl defined but provided url is relative : /types 	1660040396396
ERROR	request_6: Failed to build request: No baseUrl defined but provided url is relative : /types 	1660040396397
ERROR	request_7: Failed to build request: No baseUrl defined but provided url is relative : /entities 	1660040396398
ERROR	request_8: Failed to build request: No baseUrl defined but provided url is relative : /entityOperations/upsert 	1660040396399
USER	scn	END	1660040396400
ERROR	request_1: Failed to build request: No baseUrl defined but provided url is relative : /types 	1660040399367
USER	scn	START	1660040399367
ERROR	request_2: Failed to build request: No baseUrl defined but provided url is relative : /types 	1660040400376
ERROR	request_3: Failed to build request: No baseUrl defined but provided url is relative : /types 	1660040401390
ERROR	request_4: Failed to build request: No baseUrl defined but provided url is relative : /types 	1660040402403
ERROR	request_5: Failed to build request: No baseUrl defined but provided url is relative : /types 	1660040402404
ERROR	request_6: Failed to build request: No baseUrl defined but provided url is relative : /types 	1660040402404
ERROR	request_7: Failed to build request: No baseUrl defined but provided url is relative : /entities 	1660040402406
ERROR	request_8: Failed to build request: No baseUrl defined but provided url is relative : /entityOperations/upsert 	1660040402406
USER	scn	END	1660040402407
ERROR	request_1: Failed to build request: No baseUrl defined but provided url is relative : /types 	1660040405359
USER	scn	START	1660040405359
ERROR	request_2: Failed to build request: No baseUrl defined but provided url is relative : /types 	1660040406369
ERROR	request_3: Failed to build request: No baseUrl defined but provided url is relative : /types 	1660040407382
ERROR	request_1: Failed to build request: No baseUrl defined but provided url is relative : /types 	1660040411376
USER	scn	START	1660040411377
ERROR	request_4: Failed to build request: No baseUrl defined but provided url is relative : /types 	1660040411901
ERROR	request_5: Failed to build request: No baseUrl defined but provided url is relative : /types 	1660040411902
ERROR	request_6: Failed to build request: No baseUrl defined but provided url is relative : /types 	1660040411903
ERROR	request_7: Failed to build request: No baseUrl defined but provided url is relative : /entities 	1660040411904
ERROR	request_8: Failed to build request: No baseUrl defined but provided url is relative : /entityOperations/upsert 	1660040411905
USER	scn	END	1660040411905
ERROR	request_2: Failed to build request: No baseUrl defined but provided url is relative : /types 	1660040412388
ERROR	request_3: Failed to build request: No baseUrl defined but provided url is relative : /types 	1660040413397
ERROR	request_4: Failed to build request: No baseUrl defined but provided url is relative : /types 	1660040414412
ERROR	request_5: Failed to build request: No baseUrl defined but provided url is relative : /types 	1660040414412
ERROR	request_6: Failed to build request: No baseUrl defined but provided url is relative : /types 	1660040414414
ERROR	request_7: Failed to build request: No baseUrl defined but provided url is relative : /entities 	1660040414415
ERROR	request_8: Failed to build request: No baseUrl defined but provided url is relative : /entityOperations/upsert 	1660040414417
USER	scn	END	1660040414418
ERROR	request_1: Failed to build request: No baseUrl defined but provided url is relative : /types 	1660040417369
ERROR	request_1: Failed to build request: No baseUrl defined but provided url is relative : /types 	1660040423368
ERROR	request_1: Failed to build request: No baseUrl defined but provided url is relative : /types 	1660040429369
ERROR	request_1: Failed to build request: No baseUrl defined but provided url is relative : /types 	1660040435361
ERROR	request_1: Failed to build request: No baseUrl defined but provided url is relative : /types 	1660040441368
ERROR	request_1: Failed to build request: No baseUrl defined but provided url is relative : /types 	1660040447365
USER	scn	START	1660040449709
USER	scn	START	1660040449709
USER	scn	START	1660040449710
USER	scn	START	1660040449710
USER	scn	START	1660040449711
USER	scn	START	1660040449711
ERROR	request_2: Failed to build request: No baseUrl defined but provided url is relative : /types 	1660040450724
ERROR	request_2: Failed to build request: No baseUrl defined but provided url is relative : /types 	1660040450724
ERROR	request_2: Failed to build request: No baseUrl defined but provided url is relative : /types 	1660040450724
ERROR	request_2: Failed to build request: No baseUrl defined but provided url is relative : /types 	1660040450724
ERROR	request_2: Failed to build request: No baseUrl defined but provided url is relative : /types 	1660040450724
ERROR	request_2: Failed to build request: No baseUrl defined but provided url is relative : /types 	1660040450724
ERROR	request_3: Failed to build request: No baseUrl defined but provided url is relative : /types 	1660040451735
ERROR	request_3: Failed to build request: No baseUrl defined but provided url is relative : /types 	1660040451735
ERROR	request_3: Failed to build request: No baseUrl defined but provided url is relative : /types 	1660040451735
ERROR	request_3: Failed to build request: No baseUrl defined but provided url is relative : /types 	1660040451735
ERROR	request_3: Failed to build request: No baseUrl defined but provided url is relative : /types 	1660040451735
ERROR	request_3: Failed to build request: No baseUrl defined but provided url is relative : /types 	1660040451735
ERROR	request_4: Failed to build request: No baseUrl defined but provided url is relative : /types 	1660040452738
ERROR	request_4: Failed to build request: No baseUrl defined but provided url is relative : /types 	1660040452738
ERROR	request_4: Failed to build request: No baseUrl defined but provided url is relative : /types 	1660040452738
ERROR	request_5: Failed to build request: No baseUrl defined but provided url is relative : /types 	1660040452738
ERROR	request_5: Failed to build request: No baseUrl defined but provided url is relative : /types 	1660040452739
ERROR	request_5: Failed to build request: No baseUrl defined but provided url is relative : /types 	1660040452741
ERROR	request_6: Failed to build request: No baseUrl defined but provided url is relative : /types 	1660040452741
ERROR	request_6: Failed to build request: No baseUrl defined but provided url is relative : /types 	1660040452742
ERROR	request_6: Failed to build request: No baseUrl defined but provided url is relative : /types 	1660040452742
ERROR	request_7: Failed to build request: No baseUrl defined but provided url is relative : /entities 	1660040452742
ERROR	request_7: Failed to build request: No baseUrl defined but provided url is relative : /entities 	1660040452743
ERROR	request_7: Failed to build request: No baseUrl defined but provided url is relative : /entities 	1660040452743
ERROR	request_8: Failed to build request: No baseUrl defined but provided url is relative : /entityOperations/upsert 	1660040452743
ERROR	request_8: Failed to build request: No baseUrl defined but provided url is relative : /entityOperations/upsert 	1660040452743
ERROR	request_8: Failed to build request: No baseUrl defined but provided url is relative : /entityOperations/upsert 	1660040452744
USER	scn	END	1660040452744
USER	scn	END	1660040452744
USER	scn	END	1660040452745
ERROR	request_4: Failed to build request: No baseUrl defined but provided url is relative : /types 	1660040452754
ERROR	request_4: Failed to build request: No baseUrl defined but provided url is relative : /types 	1660040452754
ERROR	request_4: Failed to build request: No baseUrl defined but provided url is relative : /types 	1660040452754
ERROR	request_5: Failed to build request: No baseUrl defined but provided url is relative : /types 	1660040452755
ERROR	request_5: Failed to build request: No baseUrl defined but provided url is relative : /types 	1660040452756
ERROR	request_5: Failed to build request: No baseUrl defined but provided url is relative : /types 	1660040452757
ERROR	request_6: Failed to build request: No baseUrl defined but provided url is relative : /types 	1660040452757
ERROR	request_6: Failed to build request: No baseUrl defined but provided url is relative : /types 	1660040452758
ERROR	request_6: Failed to build request: No baseUrl defined but provided url is relative : /types 	1660040452758
ERROR	request_7: Failed to build request: No baseUrl defined but provided url is relative : /entities 	1660040452758
ERROR	request_7: Failed to build request: No baseUrl defined but provided url is relative : /entities 	1660040452758
ERROR	request_7: Failed to build request: No baseUrl defined but provided url is relative : /entities 	1660040452759
ERROR	request_8: Failed to build request: No baseUrl defined but provided url is relative : /entityOperations/upsert 	1660040452759
ERROR	request_8: Failed to build request: No baseUrl defined but provided url is relative : /entityOperations/upsert 	1660040452759
ERROR	request_8: Failed to build request: No baseUrl defined but provided url is relative : /entityOperations/upsert 	1660040452759
USER	scn	END	1660040452760
USER	scn	END	1660040452760
USER	scn	END	1660040452760
ERROR	request_1: Failed to build request: No baseUrl defined but provided url is relative : /types 	1660040453375
USER	scn	START	1660040453376
ERROR	request_2: Failed to build request: No baseUrl defined but provided url is relative : /types 	1660040454383
ERROR	request_3: Failed to build request: No baseUrl defined but provided url is relative : /types 	1660040455392
ERROR	request_4: Failed to build request: No baseUrl defined but provided url is relative : /types 	1660040456402
ERROR	request_5: Failed to build request: No baseUrl defined but provided url is relative : /types 	1660040456403
ERROR	request_6: Failed to build request: No baseUrl defined but provided url is relative : /types 	1660040456404
ERROR	request_7: Failed to build request: No baseUrl defined but provided url is relative : /entities 	1660040456405
ERROR	request_8: Failed to build request: No baseUrl defined but provided url is relative : /entityOperations/upsert 	1660040456406
USER	scn	END	1660040456406
ERROR	request_1: Failed to build request: No baseUrl defined but provided url is relative : /types 	1660040459358
USER	scn	START	1660040459359
ERROR	request_2: Failed to build request: No baseUrl defined but provided url is relative : /types 	1660040460371
ERROR	request_3: Failed to build request: No baseUrl defined but provided url is relative : /types 	1660040461383
ERROR	request_4: Failed to build request: No baseUrl defined but provided url is relative : /types 	1660040462386
ERROR	request_5: Failed to build request: No baseUrl defined but provided url is relative : /types 	1660040462386
ERROR	request_6: Failed to build request: No baseUrl defined but provided url is relative : /types 	1660040462387
ERROR	request_7: Failed to build request: No baseUrl defined but provided url is relative : /entities 	1660040462389
ERROR	request_8: Failed to build request: No baseUrl defined but provided url is relative : /entityOperations/upsert 	1660040462389
USER	scn	END	1660040462390
ERROR	request_1: Failed to build request: No baseUrl defined but provided url is relative : /types 	1660040465368
USER	scn	START	1660040465368
ERROR	request_2: Failed to build request: No baseUrl defined but provided url is relative : /types 	1660040466379
ERROR	request_3: Failed to build request: No baseUrl defined but provided url is relative : /types 	1660040467393
ERROR	request_4: Failed to build request: No baseUrl defined but provided url is relative : /types 	1660040468397
ERROR	request_5: Failed to build request: No baseUrl defined but provided url is relative : /types 	1660040468397
ERROR	request_6: Failed to build request: No baseUrl defined but provided url is relative : /types 	1660040468399
ERROR	request_7: Failed to build request: No baseUrl defined but provided url is relative : /entities 	1660040468400
ERROR	request_8: Failed to build request: No baseUrl defined but provided url is relative : /entityOperations/upsert 	1660040468401
USER	scn	END	1660040468402
ERROR	request_1: Failed to build request: No baseUrl defined but provided url is relative : /types 	1660040471370
USER	scn	START	1660040471371
ERROR	request_2: Failed to build request: No baseUrl defined but provided url is relative : /types 	1660040472381
ERROR	request_3: Failed to build request: No baseUrl defined but provided url is relative : /types 	1660040473390
ERROR	request_4: Failed to build request: No baseUrl defined but provided url is relative : /types 	1660040474403
ERROR	request_5: Failed to build request: No baseUrl defined but provided url is relative : /types 	1660040474404
ERROR	request_6: Failed to build request: No baseUrl defined but provided url is relative : /types 	1660040474405
ERROR	request_7: Failed to build request: No baseUrl defined but provided url is relative : /entities 	1660040474406
ERROR	request_8: Failed to build request: No baseUrl defined but provided url is relative : /entityOperations/upsert 	1660040474406
USER	scn	END	1660040474407
ERROR	request_1: Failed to build request: No baseUrl defined but provided url is relative : /types 	1660040477370
USER	scn	START	1660040477370
ERROR	request_2: Failed to build request: No baseUrl defined but provided url is relative : /types 	1660040478378
ERROR	request_3: Failed to build request: No baseUrl defined but provided url is relative : /types 	1660040479392
ERROR	request_4: Failed to build request: No baseUrl defined but provided url is relative : /types 	1660040480405
ERROR	request_5: Failed to build request: No baseUrl defined but provided url is relative : /types 	1660040480406
ERROR	request_6: Failed to build request: No baseUrl defined but provided url is relative : /types 	1660040480407
ERROR	request_7: Failed to build request: No baseUrl defined but provided url is relative : /entities 	1660040480408
ERROR	request_8: Failed to build request: No baseUrl defined but provided url is relative : /entityOperations/upsert 	1660040480409
USER	scn	END	1660040480410
ERROR	request_1: Failed to build request: No baseUrl defined but provided url is relative : /types 	1660040483361
USER	scn	START	1660040483362
ERROR	request_2: Failed to build request: No baseUrl defined but provided url is relative : /types 	1660040484368
ERROR	request_3: Failed to build request: No baseUrl defined but provided url is relative : /types 	1660040485378
ERROR	request_4: Failed to build request: No baseUrl defined but provided url is relative : /types 	1660040486391
ERROR	request_5: Failed to build request: No baseUrl defined but provided url is relative : /types 	1660040486392
ERROR	request_6: Failed to build request: No baseUrl defined but provided url is relative : /types 	1660040486392
ERROR	request_7: Failed to build request: No baseUrl defined but provided url is relative : /entities 	1660040486394
ERROR	request_8: Failed to build request: No baseUrl defined but provided url is relative : /entityOperations/upsert 	1660040486394
USER	scn	END	1660040486395
ERROR	request_1: Failed to build request: No baseUrl defined but provided url is relative : /types 	1660040489369
USER	scn	START	1660040489369
ERROR	request_2: Failed to build request: No baseUrl defined but provided url is relative : /types 	1660040490384
ERROR	request_3: Failed to build request: No baseUrl defined but provided url is relative : /types 	1660040491391
ERROR	request_4: Failed to build request: No baseUrl defined but provided url is relative : /types 	1660040492406
ERROR	request_5: Failed to build request: No baseUrl defined but provided url is relative : /types 	1660040492407
ERROR	request_6: Failed to build request: No baseUrl defined but provided url is relative : /types 	1660040492408
ERROR	request_7: Failed to build request: No baseUrl defined but provided url is relative : /entities 	1660040492410
ERROR	request_8: Failed to build request: No baseUrl defined but provided url is relative : /entityOperations/upsert 	1660040492411
USER	scn	END	1660040492411
ERROR	request_1: Failed to build request: No baseUrl defined but provided url is relative : /types 	1660040495371
USER	scn	START	1660040495371
ERROR	request_2: Failed to build request: No baseUrl defined but provided url is relative : /types 	1660040496384
ERROR	request_3: Failed to build request: No baseUrl defined but provided url is relative : /types 	1660040497397
ERROR	request_4: Failed to build request: No baseUrl defined but provided url is relative : /types 	1660040498411
ERROR	request_5: Failed to build request: No baseUrl defined but provided url is relative : /types 	1660040498412
ERROR	request_6: Failed to build request: No baseUrl defined but provided url is relative : /types 	1660040498413
ERROR	request_7: Failed to build request: No baseUrl defined but provided url is relative : /entities 	1660040498415
ERROR	request_8: Failed to build request: No baseUrl defined but provided url is relative : /entityOperations/upsert 	1660040498416
USER	scn	END	1660040498416
ERROR	request_1: Failed to build request: No baseUrl defined but provided url is relative : /types 	1660040501372
USER	scn	START	1660040501376
ERROR	request_2: Failed to build request: No baseUrl defined but provided url is relative : /types 	1660040502386
ERROR	request_3: Failed to build request: No baseUrl defined but provided url is relative : /types 	1660040503389
ERROR	request_4: Failed to build request: No baseUrl defined but provided url is relative : /types 	1660040504404
ERROR	request_5: Failed to build request: No baseUrl defined but provided url is relative : /types 	1660040504404
ERROR	request_6: Failed to build request: No baseUrl defined but provided url is relative : /types 	1660040504406
ERROR	request_7: Failed to build request: No baseUrl defined but provided url is relative : /entities 	1660040504407
ERROR	request_8: Failed to build request: No baseUrl defined but provided url is relative : /entityOperations/upsert 	1660040504407
USER	scn	END	1660040504408
ERROR	request_1: Failed to build request: No baseUrl defined but provided url is relative : /types 	1660040507370
USER	scn	START	1660040507370
ERROR	request_2: Failed to build request: No baseUrl defined but provided url is relative : /types 	1660040508373
ERROR	request_3: Failed to build request: No baseUrl defined but provided url is relative : /types 	1660040509385
ERROR	request_4: Failed to build request: No baseUrl defined but provided url is relative : /types 	1660040510395
ERROR	request_5: Failed to build request: No baseUrl defined but provided url is relative : /types 	1660040510395
ERROR	request_6: Failed to build request: No baseUrl defined but provided url is relative : /types 	1660040510397
ERROR	request_7: Failed to build request: No baseUrl defined but provided url is relative : /entities 	1660040510399
ERROR	request_8: Failed to build request: No baseUrl defined but provided url is relative : /entityOperations/upsert 	1660040510399
USER	scn	END	1660040510400
ERROR	request_1: Failed to build request: No baseUrl defined but provided url is relative : /types 	1660040513361
USER	scn	START	1660040513361
ERROR	request_2: Failed to build request: No baseUrl defined but provided url is relative : /types 	1660040514373
ERROR	request_3: Failed to build request: No baseUrl defined but provided url is relative : /types 	1660040515383
ERROR	request_4: Failed to build request: No baseUrl defined but provided url is relative : /types 	1660040516396
ERROR	request_5: Failed to build request: No baseUrl defined but provided url is relative : /types 	1660040516396
ERROR	request_6: Failed to build request: No baseUrl defined but provided url is relative : /types 	1660040516398
ERROR	request_7: Failed to build request: No baseUrl defined but provided url is relative : /entities 	1660040516400
ERROR	request_8: Failed to build request: No baseUrl defined but provided url is relative : /entityOperations/upsert 	1660040516400
USER	scn	END	1660040516400
ERROR	request_1: Failed to build request: No baseUrl defined but provided url is relative : /types 	1660040519366
USER	scn	START	1660040519366
ERROR	request_2: Failed to build request: No baseUrl defined but provided url is relative : /types 	1660040520377
ERROR	request_3: Failed to build request: No baseUrl defined but provided url is relative : /types 	1660040521390
ERROR	request_4: Failed to build request: No baseUrl defined but provided url is relative : /types 	1660040522404
ERROR	request_5: Failed to build request: No baseUrl defined but provided url is relative : /types 	1660040522404
ERROR	request_6: Failed to build request: No baseUrl defined but provided url is relative : /types 	1660040522406
ERROR	request_7: Failed to build request: No baseUrl defined but provided url is relative : /entities 	1660040522407
ERROR	request_8: Failed to build request: No baseUrl defined but provided url is relative : /entityOperations/upsert 	1660040522407
USER	scn	END	1660040522408
ERROR	request_1: Failed to build request: No baseUrl defined but provided url is relative : /types 	1660040525361
USER	scn	START	1660040525361
ERROR	request_2: Failed to build request: No baseUrl defined but provided url is relative : /types 	1660040526373
ERROR	request_3: Failed to build request: No baseUrl defined but provided url is relative : /types 	1660040527387
ERROR	request_4: Failed to build request: No baseUrl defined but provided url is relative : /types 	1660040528402
ERROR	request_5: Failed to build request: No baseUrl defined but provided url is relative : /types 	1660040528403
ERROR	request_6: Failed to build request: No baseUrl defined but provided url is relative : /types 	1660040528404
ERROR	request_7: Failed to build request: No baseUrl defined but provided url is relative : /entities 	1660040528404
ERROR	request_8: Failed to build request: No baseUrl defined but provided url is relative : /entityOperations/upsert 	1660040528406
USER	scn	END	1660040528407
ERROR	request_1: Failed to build request: No baseUrl defined but provided url is relative : /types 	1660040531361
USER	scn	START	1660040531361
ERROR	request_2: Failed to build request: No baseUrl defined but provided url is relative : /types 	1660040532372
ERROR	request_3: Failed to build request: No baseUrl defined but provided url is relative : /types 	1660040533384
ERROR	request_4: Failed to build request: No baseUrl defined but provided url is relative : /types 	1660040534393
ERROR	request_5: Failed to build request: No baseUrl defined but provided url is relative : /types 	1660040534393
ERROR	request_6: Failed to build request: No baseUrl defined but provided url is relative : /types 	1660040534395
ERROR	request_7: Failed to build request: No baseUrl defined but provided url is relative : /entities 	1660040534396
ERROR	request_8: Failed to build request: No baseUrl defined but provided url is relative : /entityOperations/upsert 	1660040534396
USER	scn	END	1660040534397
ERROR	request_1: Failed to build request: No baseUrl defined but provided url is relative : /types 	1660040537359
USER	scn	START	1660040537359
ERROR	request_2: Failed to build request: No baseUrl defined but provided url is relative : /types 	1660040538364
ERROR	request_3: Failed to build request: No baseUrl defined but provided url is relative : /types 	1660040539370
ERROR	request_4: Failed to build request: No baseUrl defined but provided url is relative : /types 	1660040540378
ERROR	request_5: Failed to build request: No baseUrl defined but provided url is relative : /types 	1660040540378
ERROR	request_6: Failed to build request: No baseUrl defined but provided url is relative : /types 	1660040540380
ERROR	request_7: Failed to build request: No baseUrl defined but provided url is relative : /entities 	1660040540381
ERROR	request_8: Failed to build request: No baseUrl defined but provided url is relative : /entityOperations/upsert 	1660040540382
USER	scn	END	1660040540382
ERROR	request_1: Failed to build request: No baseUrl defined but provided url is relative : /types 	1660040543369
USER	scn	START	1660040543370
ERROR	request_2: Failed to build request: No baseUrl defined but provided url is relative : /types 	1660040544379
ERROR	request_3: Failed to build request: No baseUrl defined but provided url is relative : /types 	1660040545393
ERROR	request_4: Failed to build request: No baseUrl defined but provided url is relative : /types 	1660040546401
ERROR	request_5: Failed to build request: No baseUrl defined but provided url is relative : /types 	1660040546401
ERROR	request_6: Failed to build request: No baseUrl defined but provided url is relative : /types 	1660040546403
ERROR	request_7: Failed to build request: No baseUrl defined but provided url is relative : /entities 	1660040546405
ERROR	request_8: Failed to build request: No baseUrl defined but provided url is relative : /entityOperations/upsert 	1660040546405
USER	scn	END	1660040546406
ERROR	request_1: Failed to build request: No baseUrl defined but provided url is relative : /types 	1660040549367
USER	scn	START	1660040549367
ERROR	request_2: Failed to build request: No baseUrl defined but provided url is relative : /types 	1660040550379
ERROR	request_3: Failed to build request: No baseUrl defined but provided url is relative : /types 	1660040551391
ERROR	request_4: Failed to build request: No baseUrl defined but provided url is relative : /types 	1660040552399
ERROR	request_5: Failed to build request: No baseUrl defined but provided url is relative : /types 	1660040552400
ERROR	request_6: Failed to build request: No baseUrl defined but provided url is relative : /types 	1660040552401
ERROR	request_7: Failed to build request: No baseUrl defined but provided url is relative : /entities 	1660040552402
ERROR	request_8: Failed to build request: No baseUrl defined but provided url is relative : /entityOperations/upsert 	1660040552402
USER	scn	END	1660040552403
ERROR	request_1: Failed to build request: No baseUrl defined but provided url is relative : /types 	1660040555358
USER	scn	START	1660040555359
ERROR	request_2: Failed to build request: No baseUrl defined but provided url is relative : /types 	1660040556362
ERROR	request_3: Failed to build request: No baseUrl defined but provided url is relative : /types 	1660040557371
ERROR	request_4: Failed to build request: No baseUrl defined but provided url is relative : /types 	1660040558386
ERROR	request_5: Failed to build request: No baseUrl defined but provided url is relative : /types 	1660040558386
ERROR	request_6: Failed to build request: No baseUrl defined but provided url is relative : /types 	1660040558387
ERROR	request_7: Failed to build request: No baseUrl defined but provided url is relative : /entities 	1660040558388
ERROR	request_8: Failed to build request: No baseUrl defined but provided url is relative : /entityOperations/upsert 	1660040558389
USER	scn	END	1660040558390
ERROR	request_1: Failed to build request: No baseUrl defined but provided url is relative : /types 	1660040561371
USER	scn	START	1660040561372
ERROR	request_2: Failed to build request: No baseUrl defined but provided url is relative : /types 	1660040562382
ERROR	request_3: Failed to build request: No baseUrl defined but provided url is relative : /types 	1660040563389
ERROR	request_4: Failed to build request: No baseUrl defined but provided url is relative : /types 	1660040564399
ERROR	request_5: Failed to build request: No baseUrl defined but provided url is relative : /types 	1660040564399
ERROR	request_6: Failed to build request: No baseUrl defined but provided url is relative : /types 	1660040564401
ERROR	request_7: Failed to build request: No baseUrl defined but provided url is relative : /entities 	1660040564402
ERROR	request_8: Failed to build request: No baseUrl defined but provided url is relative : /entityOperations/upsert 	1660040564403
USER	scn	END	1660040564403
ERROR	request_1: Failed to build request: No baseUrl defined but provided url is relative : /types 	1660040567371
USER	scn	START	1660040567371
ERROR	request_2: Failed to build request: No baseUrl defined but provided url is relative : /types 	1660040568376
ERROR	request_3: Failed to build request: No baseUrl defined but provided url is relative : /types 	1660040569387
ERROR	request_4: Failed to build request: No baseUrl defined but provided url is relative : /types 	1660040570401
ERROR	request_5: Failed to build request: No baseUrl defined but provided url is relative : /types 	1660040570401
ERROR	request_6: Failed to build request: No baseUrl defined but provided url is relative : /types 	1660040570403
ERROR	request_7: Failed to build request: No baseUrl defined but provided url is relative : /entities 	1660040570404
ERROR	request_8: Failed to build request: No baseUrl defined but provided url is relative : /entityOperations/upsert 	1660040570404
USER	scn	END	1660040570405
ERROR	request_1: Failed to build request: No baseUrl defined but provided url is relative : /types 	1660040573358
USER	scn	START	1660040573358
ERROR	request_2: Failed to build request: No baseUrl defined but provided url is relative : /types 	1660040574368
ERROR	request_3: Failed to build request: No baseUrl defined but provided url is relative : /types 	1660040575374
ERROR	request_4: Failed to build request: No baseUrl defined but provided url is relative : /types 	1660040576386
ERROR	request_5: Failed to build request: No baseUrl defined but provided url is relative : /types 	1660040576386
ERROR	request_6: Failed to build request: No baseUrl defined but provided url is relative : /types 	1660040576387
ERROR	request_7: Failed to build request: No baseUrl defined but provided url is relative : /entities 	1660040576389
ERROR	request_8: Failed to build request: No baseUrl defined but provided url is relative : /entityOperations/upsert 	1660040576389
USER	scn	END	1660040576389
ERROR	request_1: Failed to build request: No baseUrl defined but provided url is relative : /types 	1660040579364
USER	scn	START	1660040579365
ERROR	request_2: Failed to build request: No baseUrl defined but provided url is relative : /types 	1660040580377
ERROR	request_3: Failed to build request: No baseUrl defined but provided url is relative : /types 	1660040581387
ERROR	request_4: Failed to build request: No baseUrl defined but provided url is relative : /types 	1660040582397
ERROR	request_5: Failed to build request: No baseUrl defined but provided url is relative : /types 	1660040582397
ERROR	request_6: Failed to build request: No baseUrl defined but provided url is relative : /types 	1660040582398
ERROR	request_7: Failed to build request: No baseUrl defined but provided url is relative : /entities 	1660040582399
ERROR	request_8: Failed to build request: No baseUrl defined but provided url is relative : /entityOperations/upsert 	1660040582400
USER	scn	END	1660040582401
ERROR	request_1: Failed to build request: No baseUrl defined but provided url is relative : /types 	1660040585362
USER	scn	START	1660040585362
ERROR	request_2: Failed to build request: No baseUrl defined but provided url is relative : /types 	1660040586373
ERROR	request_3: Failed to build request: No baseUrl defined but provided url is relative : /types 	1660040587383
ERROR	request_4: Failed to build request: No baseUrl defined but provided url is relative : /types 	1660040588387
ERROR	request_5: Failed to build request: No baseUrl defined but provided url is relative : /types 	1660040588388
ERROR	request_6: Failed to build request: No baseUrl defined but provided url is relative : /types 	1660040588388
ERROR	request_7: Failed to build request: No baseUrl defined but provided url is relative : /entities 	1660040588389
ERROR	request_8: Failed to build request: No baseUrl defined but provided url is relative : /entityOperations/upsert 	1660040588390
USER	scn	END	1660040588391
